{"/Users/leviatan/Projects/42/red_tetris/backend/src/classes/Game.js": {"path":"/Users/leviatan/Projects/42/red_tetris/backend/src/classes/Game.js","statementMap":{"0":{"start":{"line":1,"column":14},"end":{"line":1,"column":32}},"1":{"start":{"line":7,"column":4},"end":{"line":7,"column":34}},"2":{"start":{"line":11,"column":4},"end":{"line":11,"column":25}},"3":{"start":{"line":12,"column":4},"end":{"line":12,"column":35}},"4":{"start":{"line":13,"column":4},"end":{"line":13,"column":29}},"5":{"start":{"line":14,"column":4},"end":{"line":16,"column":45}},"6":{"start":{"line":16,"column":17},"end":{"line":16,"column":43}},"7":{"start":{"line":17,"column":4},"end":{"line":17,"column":29}},"8":{"start":{"line":18,"column":4},"end":{"line":18,"column":26}},"9":{"start":{"line":19,"column":4},"end":{"line":19,"column":19}},"10":{"start":{"line":20,"column":4},"end":{"line":20,"column":19}},"11":{"start":{"line":21,"column":4},"end":{"line":21,"column":26}},"12":{"start":{"line":22,"column":4},"end":{"line":22,"column":27}},"13":{"start":{"line":23,"column":4},"end":{"line":23,"column":26}},"14":{"start":{"line":24,"column":4},"end":{"line":24,"column":26}},"15":{"start":{"line":25,"column":4},"end":{"line":25,"column":26}},"16":{"start":{"line":26,"column":4},"end":{"line":26,"column":20}},"17":{"start":{"line":27,"column":4},"end":{"line":27,"column":32}},"18":{"start":{"line":31,"column":4},"end":{"line":34,"column":7}},"19":{"start":{"line":36,"column":17},"end":{"line":36,"column":63}},"20":{"start":{"line":37,"column":4},"end":{"line":37,"column":31}},"21":{"start":{"line":40,"column":16},"end":{"line":40,"column":17}},"22":{"start":{"line":41,"column":4},"end":{"line":44,"column":5}},"23":{"start":{"line":41,"column":17},"end":{"line":41,"column":18}},"24":{"start":{"line":42,"column":6},"end":{"line":42,"column":56}},"25":{"start":{"line":43,"column":6},"end":{"line":43,"column":28}},"26":{"start":{"line":47,"column":4},"end":{"line":47,"column":28}},"27":{"start":{"line":48,"column":4},"end":{"line":48,"column":41}},"28":{"start":{"line":49,"column":4},"end":{"line":49,"column":57}},"29":{"start":{"line":51,"column":22},"end":{"line":51,"column":40}},"30":{"start":{"line":52,"column":4},"end":{"line":52,"column":49}},"31":{"start":{"line":54,"column":4},"end":{"line":54,"column":32}},"32":{"start":{"line":59,"column":4},"end":{"line":59,"column":33}},"33":{"start":{"line":62,"column":20},"end":{"line":62,"column":61}},"34":{"start":{"line":63,"column":24},"end":{"line":63,"column":71}},"35":{"start":{"line":65,"column":4},"end":{"line":76,"column":5}},"36":{"start":{"line":66,"column":22},"end":{"line":66,"column":45}},"37":{"start":{"line":67,"column":26},"end":{"line":67,"column":74}},"38":{"start":{"line":67,"column":51},"end":{"line":67,"column":73}},"39":{"start":{"line":68,"column":6},"end":{"line":75,"column":7}},"40":{"start":{"line":69,"column":8},"end":{"line":69,"column":68}},"41":{"start":{"line":70,"column":8},"end":{"line":74,"column":10}},"42":{"start":{"line":78,"column":4},"end":{"line":78,"column":75}},"43":{"start":{"line":79,"column":4},"end":{"line":79,"column":35}},"44":{"start":{"line":83,"column":18},"end":{"line":83,"column":46}},"45":{"start":{"line":84,"column":16},"end":{"line":84,"column":42}},"46":{"start":{"line":85,"column":21},"end":{"line":85,"column":22}},"47":{"start":{"line":87,"column":4},"end":{"line":103,"column":5}},"48":{"start":{"line":87,"column":17},"end":{"line":87,"column":18}},"49":{"start":{"line":88,"column":6},"end":{"line":102,"column":7}},"50":{"start":{"line":88,"column":19},"end":{"line":88,"column":20}},"51":{"start":{"line":89,"column":8},"end":{"line":101,"column":9}},"52":{"start":{"line":90,"column":25},"end":{"line":90,"column":34}},"53":{"start":{"line":91,"column":25},"end":{"line":91,"column":34}},"54":{"start":{"line":92,"column":10},"end":{"line":100,"column":11}},"55":{"start":{"line":93,"column":12},"end":{"line":97,"column":15}},"56":{"start":{"line":98,"column":12},"end":{"line":98,"column":64}},"57":{"start":{"line":99,"column":12},"end":{"line":99,"column":25}},"58":{"start":{"line":105,"column":4},"end":{"line":105,"column":46}},"59":{"start":{"line":107,"column":4},"end":{"line":107,"column":16}},"60":{"start":{"line":111,"column":4},"end":{"line":111,"column":41}},"61":{"start":{"line":112,"column":4},"end":{"line":112,"column":59}},"62":{"start":{"line":114,"column":20},"end":{"line":114,"column":24}},"63":{"start":{"line":115,"column":24},"end":{"line":115,"column":28}},"64":{"start":{"line":117,"column":4},"end":{"line":121,"column":5}},"65":{"start":{"line":118,"column":6},"end":{"line":118,"column":49}},"66":{"start":{"line":120,"column":6},"end":{"line":120,"column":33}},"67":{"start":{"line":122,"column":4},"end":{"line":122,"column":51}},"68":{"start":{"line":124,"column":4},"end":{"line":124,"column":50}},"69":{"start":{"line":125,"column":4},"end":{"line":128,"column":6}},"70":{"start":{"line":130,"column":4},"end":{"line":130,"column":51}},"71":{"start":{"line":132,"column":4},"end":{"line":136,"column":5}},"72":{"start":{"line":133,"column":6},"end":{"line":133,"column":27}},"73":{"start":{"line":134,"column":6},"end":{"line":134,"column":29}},"74":{"start":{"line":135,"column":6},"end":{"line":135,"column":19}},"75":{"start":{"line":138,"column":4},"end":{"line":138,"column":16}},"76":{"start":{"line":143,"column":4},"end":{"line":143,"column":77}},"77":{"start":{"line":143,"column":64},"end":{"line":143,"column":77}},"78":{"start":{"line":145,"column":22},"end":{"line":149,"column":5}},"79":{"start":{"line":151,"column":17},"end":{"line":151,"column":37}},"80":{"start":{"line":152,"column":4},"end":{"line":152,"column":28}},"81":{"start":{"line":152,"column":15},"end":{"line":152,"column":28}},"82":{"start":{"line":154,"column":17},"end":{"line":154,"column":45}},"83":{"start":{"line":155,"column":17},"end":{"line":155,"column":45}},"84":{"start":{"line":157,"column":4},"end":{"line":157,"column":43}},"85":{"start":{"line":158,"column":4},"end":{"line":158,"column":43}},"86":{"start":{"line":160,"column":4},"end":{"line":190,"column":5}},"87":{"start":{"line":161,"column":6},"end":{"line":161,"column":42}},"88":{"start":{"line":162,"column":6},"end":{"line":162,"column":42}},"89":{"start":{"line":164,"column":6},"end":{"line":188,"column":7}},"90":{"start":{"line":165,"column":8},"end":{"line":165,"column":47}},"91":{"start":{"line":166,"column":8},"end":{"line":166,"column":31}},"92":{"start":{"line":167,"column":31},"end":{"line":167,"column":48}},"93":{"start":{"line":168,"column":37},"end":{"line":168,"column":57}},"94":{"start":{"line":169,"column":36},"end":{"line":169,"column":62}},"95":{"start":{"line":171,"column":8},"end":{"line":174,"column":10}},"96":{"start":{"line":176,"column":29},"end":{"line":176,"column":52}},"97":{"start":{"line":178,"column":8},"end":{"line":181,"column":9}},"98":{"start":{"line":179,"column":10},"end":{"line":179,"column":31}},"99":{"start":{"line":180,"column":10},"end":{"line":180,"column":33}},"100":{"start":{"line":183,"column":8},"end":{"line":187,"column":10}},"101":{"start":{"line":189,"column":6},"end":{"line":189,"column":19}},"102":{"start":{"line":191,"column":4},"end":{"line":191,"column":16}},"103":{"start":{"line":196,"column":4},"end":{"line":196,"column":77}},"104":{"start":{"line":196,"column":64},"end":{"line":196,"column":77}},"105":{"start":{"line":199,"column":26},"end":{"line":199,"column":61}},"106":{"start":{"line":200,"column":29},"end":{"line":200,"column":55}},"107":{"start":{"line":203,"column":4},"end":{"line":203,"column":31}},"108":{"start":{"line":206,"column":4},"end":{"line":220,"column":5}},"109":{"start":{"line":208,"column":6},"end":{"line":208,"column":40}},"110":{"start":{"line":209,"column":6},"end":{"line":219,"column":7}},"111":{"start":{"line":211,"column":8},"end":{"line":211,"column":42}},"112":{"start":{"line":212,"column":8},"end":{"line":218,"column":9}},"113":{"start":{"line":214,"column":10},"end":{"line":214,"column":44}},"114":{"start":{"line":215,"column":10},"end":{"line":215,"column":50}},"115":{"start":{"line":216,"column":10},"end":{"line":216,"column":56}},"116":{"start":{"line":217,"column":10},"end":{"line":217,"column":23}},"117":{"start":{"line":221,"column":4},"end":{"line":221,"column":16}},"118":{"start":{"line":225,"column":4},"end":{"line":225,"column":77}},"119":{"start":{"line":225,"column":64},"end":{"line":225,"column":77}},"120":{"start":{"line":227,"column":4},"end":{"line":248,"column":5}},"121":{"start":{"line":228,"column":6},"end":{"line":228,"column":40}},"122":{"start":{"line":229,"column":6},"end":{"line":247,"column":7}},"123":{"start":{"line":230,"column":8},"end":{"line":230,"column":42}},"124":{"start":{"line":231,"column":8},"end":{"line":231,"column":31}},"125":{"start":{"line":232,"column":31},"end":{"line":232,"column":48}},"126":{"start":{"line":233,"column":37},"end":{"line":233,"column":57}},"127":{"start":{"line":234,"column":36},"end":{"line":234,"column":62}},"128":{"start":{"line":236,"column":29},"end":{"line":236,"column":52}},"129":{"start":{"line":237,"column":8},"end":{"line":240,"column":9}},"130":{"start":{"line":238,"column":10},"end":{"line":238,"column":31}},"131":{"start":{"line":239,"column":10},"end":{"line":239,"column":33}},"132":{"start":{"line":242,"column":8},"end":{"line":246,"column":10}},"133":{"start":{"line":253,"column":4},"end":{"line":256,"column":5}},"134":{"start":{"line":254,"column":6},"end":{"line":254,"column":66}},"135":{"start":{"line":255,"column":6},"end":{"line":255,"column":18}},"136":{"start":{"line":258,"column":18},"end":{"line":258,"column":77}},"137":{"start":{"line":259,"column":16},"end":{"line":259,"column":30}},"138":{"start":{"line":262,"column":4},"end":{"line":285,"column":5}},"139":{"start":{"line":262,"column":17},"end":{"line":262,"column":18}},"140":{"start":{"line":264,"column":6},"end":{"line":284,"column":7}},"141":{"start":{"line":264,"column":19},"end":{"line":264,"column":20}},"142":{"start":{"line":266,"column":8},"end":{"line":283,"column":9}},"143":{"start":{"line":267,"column":25},"end":{"line":267,"column":34}},"144":{"start":{"line":268,"column":25},"end":{"line":268,"column":34}},"145":{"start":{"line":275,"column":10},"end":{"line":282,"column":11}},"146":{"start":{"line":281,"column":12},"end":{"line":281,"column":24}},"147":{"start":{"line":286,"column":4},"end":{"line":286,"column":17}},"148":{"start":{"line":291,"column":23},"end":{"line":291,"column":24}},"149":{"start":{"line":292,"column":31},"end":{"line":292,"column":33}},"150":{"start":{"line":294,"column":4},"end":{"line":305,"column":5}},"151":{"start":{"line":294,"column":19},"end":{"line":294,"column":35}},"152":{"start":{"line":296,"column":6},"end":{"line":304,"column":7}},"153":{"start":{"line":296,"column":42},"end":{"line":296,"column":52}},"154":{"start":{"line":297,"column":8},"end":{"line":297,"column":37}},"155":{"start":{"line":299,"column":8},"end":{"line":299,"column":34}},"156":{"start":{"line":301,"column":8},"end":{"line":301,"column":55}},"157":{"start":{"line":302,"column":8},"end":{"line":302,"column":23}},"158":{"start":{"line":303,"column":8},"end":{"line":303,"column":14}},"159":{"start":{"line":307,"column":4},"end":{"line":311,"column":5}},"160":{"start":{"line":308,"column":6},"end":{"line":308,"column":37}},"161":{"start":{"line":309,"column":6},"end":{"line":309,"column":40}},"162":{"start":{"line":310,"column":6},"end":{"line":310,"column":25}},"163":{"start":{"line":313,"column":4},"end":{"line":313,"column":68}},"164":{"start":{"line":318,"column":19},"end":{"line":323,"column":5}},"165":{"start":{"line":324,"column":4},"end":{"line":324,"column":59}},"166":{"start":{"line":325,"column":4},"end":{"line":325,"column":16}},"167":{"start":{"line":330,"column":4},"end":{"line":330,"column":55}},"168":{"start":{"line":331,"column":4},"end":{"line":331,"column":66}},"169":{"start":{"line":332,"column":4},"end":{"line":332,"column":39}},"170":{"start":{"line":333,"column":4},"end":{"line":333,"column":51}},"171":{"start":{"line":334,"column":4},"end":{"line":334,"column":16}},"172":{"start":{"line":339,"column":4},"end":{"line":350,"column":6}},"173":{"start":{"line":354,"column":0},"end":{"line":354,"column":22}}},"fnMap":{"0":{"name":"(anonymous_0)","decl":{"start":{"line":10,"column":2},"end":{"line":10,"column":3}},"loc":{"start":{"line":10,"column":45},"end":{"line":28,"column":3}},"line":10},"1":{"name":"(anonymous_1)","decl":{"start":{"line":16,"column":11},"end":{"line":16,"column":12}},"loc":{"start":{"line":16,"column":17},"end":{"line":16,"column":43}},"line":16},"2":{"name":"(anonymous_2)","decl":{"start":{"line":30,"column":2},"end":{"line":30,"column":3}},"loc":{"start":{"line":30,"column":28},"end":{"line":55,"column":3}},"line":30},"3":{"name":"(anonymous_3)","decl":{"start":{"line":57,"column":2},"end":{"line":57,"column":3}},"loc":{"start":{"line":57,"column":39},"end":{"line":80,"column":3}},"line":57},"4":{"name":"(anonymous_4)","decl":{"start":{"line":67,"column":44},"end":{"line":67,"column":45}},"loc":{"start":{"line":67,"column":51},"end":{"line":67,"column":73}},"line":67},"5":{"name":"(anonymous_5)","decl":{"start":{"line":82,"column":2},"end":{"line":82,"column":3}},"loc":{"start":{"line":82,"column":20},"end":{"line":108,"column":3}},"line":82},"6":{"name":"(anonymous_6)","decl":{"start":{"line":110,"column":2},"end":{"line":110,"column":3}},"loc":{"start":{"line":110,"column":21},"end":{"line":139,"column":3}},"line":110},"7":{"name":"(anonymous_7)","decl":{"start":{"line":142,"column":2},"end":{"line":142,"column":3}},"loc":{"start":{"line":142,"column":29},"end":{"line":192,"column":3}},"line":142},"8":{"name":"(anonymous_8)","decl":{"start":{"line":195,"column":2},"end":{"line":195,"column":3}},"loc":{"start":{"line":195,"column":16},"end":{"line":222,"column":3}},"line":195},"9":{"name":"(anonymous_9)","decl":{"start":{"line":224,"column":2},"end":{"line":224,"column":3}},"loc":{"start":{"line":224,"column":20},"end":{"line":249,"column":3}},"line":224},"10":{"name":"(anonymous_10)","decl":{"start":{"line":252,"column":2},"end":{"line":252,"column":3}},"loc":{"start":{"line":252,"column":24},"end":{"line":287,"column":3}},"line":252},"11":{"name":"(anonymous_11)","decl":{"start":{"line":290,"column":2},"end":{"line":290,"column":3}},"loc":{"start":{"line":290,"column":15},"end":{"line":314,"column":3}},"line":290},"12":{"name":"(anonymous_12)","decl":{"start":{"line":296,"column":32},"end":{"line":296,"column":33}},"loc":{"start":{"line":296,"column":42},"end":{"line":296,"column":52}},"line":296},"13":{"name":"(anonymous_13)","decl":{"start":{"line":317,"column":2},"end":{"line":317,"column":3}},"loc":{"start":{"line":317,"column":28},"end":{"line":326,"column":3}},"line":317},"14":{"name":"(anonymous_14)","decl":{"start":{"line":329,"column":2},"end":{"line":329,"column":3}},"loc":{"start":{"line":329,"column":16},"end":{"line":335,"column":3}},"line":329},"15":{"name":"(anonymous_15)","decl":{"start":{"line":338,"column":2},"end":{"line":338,"column":3}},"loc":{"start":{"line":338,"column":13},"end":{"line":351,"column":3}},"line":338}},"branchMap":{"0":{"loc":{"start":{"line":65,"column":4},"end":{"line":76,"column":5}},"type":"if","locations":[{"start":{"line":65,"column":4},"end":{"line":76,"column":5}},{"start":{},"end":{}}],"line":65},"1":{"loc":{"start":{"line":68,"column":6},"end":{"line":75,"column":7}},"type":"if","locations":[{"start":{"line":68,"column":6},"end":{"line":75,"column":7}},{"start":{},"end":{}}],"line":68},"2":{"loc":{"start":{"line":89,"column":8},"end":{"line":101,"column":9}},"type":"if","locations":[{"start":{"line":89,"column":8},"end":{"line":101,"column":9}},{"start":{},"end":{}}],"line":89},"3":{"loc":{"start":{"line":92,"column":10},"end":{"line":100,"column":11}},"type":"if","locations":[{"start":{"line":92,"column":10},"end":{"line":100,"column":11}},{"start":{},"end":{}}],"line":92},"4":{"loc":{"start":{"line":117,"column":4},"end":{"line":121,"column":5}},"type":"if","locations":[{"start":{"line":117,"column":4},"end":{"line":121,"column":5}},{"start":{"line":119,"column":11},"end":{"line":121,"column":5}}],"line":117},"5":{"loc":{"start":{"line":132,"column":4},"end":{"line":136,"column":5}},"type":"if","locations":[{"start":{"line":132,"column":4},"end":{"line":136,"column":5}},{"start":{},"end":{}}],"line":132},"6":{"loc":{"start":{"line":143,"column":4},"end":{"line":143,"column":77}},"type":"if","locations":[{"start":{"line":143,"column":4},"end":{"line":143,"column":77}},{"start":{},"end":{}}],"line":143},"7":{"loc":{"start":{"line":143,"column":8},"end":{"line":143,"column":62}},"type":"binary-expr","locations":[{"start":{"line":143,"column":8},"end":{"line":143,"column":26}},{"start":{"line":143,"column":30},"end":{"line":143,"column":45}},{"start":{"line":143,"column":49},"end":{"line":143,"column":62}}],"line":143},"8":{"loc":{"start":{"line":152,"column":4},"end":{"line":152,"column":28}},"type":"if","locations":[{"start":{"line":152,"column":4},"end":{"line":152,"column":28}},{"start":{},"end":{}}],"line":152},"9":{"loc":{"start":{"line":160,"column":4},"end":{"line":190,"column":5}},"type":"if","locations":[{"start":{"line":160,"column":4},"end":{"line":190,"column":5}},{"start":{},"end":{}}],"line":160},"10":{"loc":{"start":{"line":164,"column":6},"end":{"line":188,"column":7}},"type":"if","locations":[{"start":{"line":164,"column":6},"end":{"line":188,"column":7}},{"start":{},"end":{}}],"line":164},"11":{"loc":{"start":{"line":178,"column":8},"end":{"line":181,"column":9}},"type":"if","locations":[{"start":{"line":178,"column":8},"end":{"line":181,"column":9}},{"start":{},"end":{}}],"line":178},"12":{"loc":{"start":{"line":196,"column":4},"end":{"line":196,"column":77}},"type":"if","locations":[{"start":{"line":196,"column":4},"end":{"line":196,"column":77}},{"start":{},"end":{}}],"line":196},"13":{"loc":{"start":{"line":196,"column":8},"end":{"line":196,"column":62}},"type":"binary-expr","locations":[{"start":{"line":196,"column":8},"end":{"line":196,"column":26}},{"start":{"line":196,"column":30},"end":{"line":196,"column":45}},{"start":{"line":196,"column":49},"end":{"line":196,"column":62}}],"line":196},"14":{"loc":{"start":{"line":206,"column":4},"end":{"line":220,"column":5}},"type":"if","locations":[{"start":{"line":206,"column":4},"end":{"line":220,"column":5}},{"start":{},"end":{}}],"line":206},"15":{"loc":{"start":{"line":209,"column":6},"end":{"line":219,"column":7}},"type":"if","locations":[{"start":{"line":209,"column":6},"end":{"line":219,"column":7}},{"start":{},"end":{}}],"line":209},"16":{"loc":{"start":{"line":212,"column":8},"end":{"line":218,"column":9}},"type":"if","locations":[{"start":{"line":212,"column":8},"end":{"line":218,"column":9}},{"start":{},"end":{}}],"line":212},"17":{"loc":{"start":{"line":225,"column":4},"end":{"line":225,"column":77}},"type":"if","locations":[{"start":{"line":225,"column":4},"end":{"line":225,"column":77}},{"start":{},"end":{}}],"line":225},"18":{"loc":{"start":{"line":225,"column":8},"end":{"line":225,"column":62}},"type":"binary-expr","locations":[{"start":{"line":225,"column":8},"end":{"line":225,"column":26}},{"start":{"line":225,"column":30},"end":{"line":225,"column":45}},{"start":{"line":225,"column":49},"end":{"line":225,"column":62}}],"line":225},"19":{"loc":{"start":{"line":229,"column":6},"end":{"line":247,"column":7}},"type":"if","locations":[{"start":{"line":229,"column":6},"end":{"line":247,"column":7}},{"start":{},"end":{}}],"line":229},"20":{"loc":{"start":{"line":237,"column":8},"end":{"line":240,"column":9}},"type":"if","locations":[{"start":{"line":237,"column":8},"end":{"line":240,"column":9}},{"start":{},"end":{}}],"line":237},"21":{"loc":{"start":{"line":253,"column":4},"end":{"line":256,"column":5}},"type":"if","locations":[{"start":{"line":253,"column":4},"end":{"line":256,"column":5}},{"start":{},"end":{}}],"line":253},"22":{"loc":{"start":{"line":253,"column":8},"end":{"line":253,"column":30}},"type":"binary-expr","locations":[{"start":{"line":253,"column":8},"end":{"line":253,"column":14}},{"start":{"line":253,"column":18},"end":{"line":253,"column":30}}],"line":253},"23":{"loc":{"start":{"line":258,"column":18},"end":{"line":258,"column":77}},"type":"cond-expr","locations":[{"start":{"line":258,"column":47},"end":{"line":258,"column":58}},{"start":{"line":258,"column":61},"end":{"line":258,"column":77}}],"line":258},"24":{"loc":{"start":{"line":266,"column":8},"end":{"line":283,"column":9}},"type":"if","locations":[{"start":{"line":266,"column":8},"end":{"line":283,"column":9}},{"start":{},"end":{}}],"line":266},"25":{"loc":{"start":{"line":275,"column":10},"end":{"line":282,"column":11}},"type":"if","locations":[{"start":{"line":275,"column":10},"end":{"line":282,"column":11}},{"start":{},"end":{}}],"line":275},"26":{"loc":{"start":{"line":276,"column":12},"end":{"line":279,"column":55}},"type":"binary-expr","locations":[{"start":{"line":276,"column":12},"end":{"line":276,"column":22}},{"start":{"line":277,"column":12},"end":{"line":277,"column":33}},{"start":{"line":278,"column":12},"end":{"line":278,"column":34}},{"start":{"line":279,"column":13},"end":{"line":279,"column":24}},{"start":{"line":279,"column":28},"end":{"line":279,"column":54}}],"line":276},"27":{"loc":{"start":{"line":296,"column":6},"end":{"line":304,"column":7}},"type":"if","locations":[{"start":{"line":296,"column":6},"end":{"line":304,"column":7}},{"start":{},"end":{}}],"line":296},"28":{"loc":{"start":{"line":307,"column":4},"end":{"line":311,"column":5}},"type":"if","locations":[{"start":{"line":307,"column":4},"end":{"line":311,"column":5}},{"start":{},"end":{}}],"line":307},"29":{"loc":{"start":{"line":324,"column":19},"end":{"line":324,"column":44}},"type":"binary-expr","locations":[{"start":{"line":324,"column":19},"end":{"line":324,"column":39}},{"start":{"line":324,"column":43},"end":{"line":324,"column":44}}],"line":324}},"s":{"0":2,"1":2,"2":23,"3":23,"4":23,"5":23,"6":460,"7":23,"8":23,"9":23,"10":23,"11":23,"12":23,"13":23,"14":23,"15":23,"16":23,"17":23,"18":35,"19":35,"20":35,"21":35,"22":35,"23":35,"24":232,"25":232,"26":35,"27":35,"28":35,"29":35,"30":35,"31":35,"32":4,"33":4,"34":4,"35":4,"36":4,"37":4,"38":0,"39":4,"40":0,"41":0,"42":4,"43":4,"44":3,"45":3,"46":3,"47":3,"48":3,"49":4,"50":4,"51":12,"52":12,"53":12,"54":12,"55":12,"56":12,"57":12,"58":3,"59":3,"60":19,"61":19,"62":19,"63":19,"64":19,"65":14,"66":5,"67":19,"68":19,"69":19,"70":19,"71":19,"72":1,"73":1,"74":1,"75":18,"76":4,"77":1,"78":3,"79":3,"80":3,"81":0,"82":3,"83":3,"84":3,"85":3,"86":3,"87":0,"88":0,"89":0,"90":0,"91":0,"92":0,"93":0,"94":0,"95":0,"96":0,"97":0,"98":0,"99":0,"100":0,"101":0,"102":3,"103":3,"104":1,"105":2,"106":2,"107":2,"108":2,"109":0,"110":0,"111":0,"112":0,"113":0,"114":0,"115":0,"116":0,"117":2,"118":2,"119":0,"120":2,"121":39,"122":39,"123":2,"124":2,"125":2,"126":2,"127":2,"128":2,"129":2,"130":0,"131":0,"132":2,"133":66,"134":0,"135":0,"136":66,"137":66,"138":66,"139":66,"140":100,"141":100,"142":248,"143":248,"144":248,"145":248,"146":6,"147":60,"148":3,"149":3,"150":3,"151":3,"152":61,"153":70,"154":1,"155":1,"156":1,"157":1,"158":1,"159":3,"160":1,"161":1,"162":1,"163":3,"164":3,"165":3,"166":3,"167":5,"168":5,"169":5,"170":5,"171":5,"172":10,"173":2},"f":{"0":23,"1":460,"2":35,"3":4,"4":0,"5":3,"6":19,"7":4,"8":3,"9":2,"10":66,"11":3,"12":70,"13":3,"14":5,"15":10},"b":{"0":[4,0],"1":[0,4],"2":[12,0],"3":[12,0],"4":[14,5],"5":[1,18],"6":[1,3],"7":[4,3,3],"8":[0,3],"9":[0,3],"10":[0,0],"11":[0,0],"12":[1,2],"13":[3,2,2],"14":[0,2],"15":[0,0],"16":[0,0],"17":[0,2],"18":[2,2,2],"19":[2,37],"20":[0,2],"21":[0,66],"22":[66,66],"23":[66,0],"24":[248,0],"25":[6,242],"26":[248,247,246,243,243],"27":[1,60],"28":[1,2],"29":[3,0]},"_coverageSchema":"1a1c01bbd47fc00a2c39e90264f33305004495a9","hash":"11b9d944dfa9f40fbf630800f379261d212402bb"}
,"/Users/leviatan/Projects/42/red_tetris/backend/src/classes/Piece.js": {"path":"/Users/leviatan/Projects/42/red_tetris/backend/src/classes/Piece.js","statementMap":{"0":{"start":{"line":1,"column":25},"end":{"line":1,"column":55}},"1":{"start":{"line":5,"column":18},"end":{"line":5,"column":30}},"2":{"start":{"line":8,"column":4},"end":{"line":10,"column":5}},"3":{"start":{"line":9,"column":6},"end":{"line":9,"column":57}},"4":{"start":{"line":12,"column":4},"end":{"line":12,"column":21}},"5":{"start":{"line":18,"column":4},"end":{"line":18,"column":64}},"6":{"start":{"line":20,"column":4},"end":{"line":20,"column":35}},"7":{"start":{"line":21,"column":4},"end":{"line":21,"column":22}},"8":{"start":{"line":27,"column":17},"end":{"line":27,"column":34}},"9":{"start":{"line":28,"column":17},"end":{"line":28,"column":37}},"10":{"start":{"line":31,"column":21},"end":{"line":31,"column":70}},"11":{"start":{"line":31,"column":50},"end":{"line":31,"column":69}},"12":{"start":{"line":33,"column":4},"end":{"line":39,"column":5}},"13":{"start":{"line":33,"column":19},"end":{"line":33,"column":20}},"14":{"start":{"line":34,"column":6},"end":{"line":38,"column":7}},"15":{"start":{"line":34,"column":21},"end":{"line":34,"column":22}},"16":{"start":{"line":37,"column":10},"end":{"line":37,"column":63}},"17":{"start":{"line":41,"column":4},"end":{"line":41,"column":26}},"18":{"start":{"line":42,"column":4},"end":{"line":42,"column":48}},"19":{"start":{"line":43,"column":4},"end":{"line":43,"column":16}},"20":{"start":{"line":49,"column":23},"end":{"line":49,"column":43}},"21":{"start":{"line":50,"column":4},"end":{"line":50,"column":62}},"22":{"start":{"line":51,"column":4},"end":{"line":51,"column":47}},"23":{"start":{"line":52,"column":4},"end":{"line":52,"column":40}},"24":{"start":{"line":53,"column":4},"end":{"line":53,"column":22}},"25":{"start":{"line":58,"column":19},"end":{"line":58,"column":21}},"26":{"start":{"line":59,"column":4},"end":{"line":68,"column":5}},"27":{"start":{"line":59,"column":19},"end":{"line":59,"column":20}},"28":{"start":{"line":60,"column":6},"end":{"line":67,"column":7}},"29":{"start":{"line":60,"column":21},"end":{"line":60,"column":22}},"30":{"start":{"line":61,"column":8},"end":{"line":66,"column":9}},"31":{"start":{"line":62,"column":10},"end":{"line":65,"column":13}},"32":{"start":{"line":69,"column":4},"end":{"line":69,"column":18}},"33":{"start":{"line":74,"column":6},"end":{"line":74,"column":24}},"34":{"start":{"line":79,"column":6},"end":{"line":79,"column":52}},"35":{"start":{"line":83,"column":0},"end":{"line":83,"column":23}}},"fnMap":{"0":{"name":"(anonymous_0)","decl":{"start":{"line":7,"column":2},"end":{"line":7,"column":3}},"loc":{"start":{"line":7,"column":20},"end":{"line":22,"column":3}},"line":7},"1":{"name":"(anonymous_1)","decl":{"start":{"line":25,"column":2},"end":{"line":25,"column":3}},"loc":{"start":{"line":25,"column":11},"end":{"line":44,"column":3}},"line":25},"2":{"name":"(anonymous_2)","decl":{"start":{"line":31,"column":44},"end":{"line":31,"column":45}},"loc":{"start":{"line":31,"column":50},"end":{"line":31,"column":69}},"line":31},"3":{"name":"(anonymous_3)","decl":{"start":{"line":48,"column":2},"end":{"line":48,"column":3}},"loc":{"start":{"line":48,"column":13},"end":{"line":54,"column":1}},"line":48},"4":{"name":"(anonymous_4)","decl":{"start":{"line":57,"column":2},"end":{"line":57,"column":3}},"loc":{"start":{"line":57,"column":19},"end":{"line":70,"column":3}},"line":57},"5":{"name":"(anonymous_5)","decl":{"start":{"line":73,"column":2},"end":{"line":73,"column":3}},"loc":{"start":{"line":73,"column":13},"end":{"line":75,"column":3}},"line":73},"6":{"name":"(anonymous_6)","decl":{"start":{"line":78,"column":2},"end":{"line":78,"column":3}},"loc":{"start":{"line":78,"column":20},"end":{"line":80,"column":3}},"line":78}},"branchMap":{"0":{"loc":{"start":{"line":8,"column":4},"end":{"line":10,"column":5}},"type":"if","locations":[{"start":{"line":8,"column":4},"end":{"line":10,"column":5}},{"start":{},"end":{}}],"line":8},"1":{"loc":{"start":{"line":61,"column":8},"end":{"line":66,"column":9}},"type":"if","locations":[{"start":{"line":61,"column":8},"end":{"line":66,"column":9}},{"start":{},"end":{}}],"line":61}},"s":{"0":3,"1":3,"2":90,"3":1,"4":89,"5":89,"6":89,"7":89,"8":7,"9":7,"10":7,"11":19,"12":7,"13":7,"14":15,"15":15,"16":38,"17":7,"18":7,"19":7,"20":1,"21":1,"22":1,"23":1,"24":1,"25":1,"26":1,"27":1,"28":2,"29":2,"30":6,"31":4,"32":1,"33":4,"34":3,"35":3},"f":{"0":90,"1":7,"2":19,"3":1,"4":1,"5":4,"6":3},"b":{"0":[1,89],"1":[4,2]},"_coverageSchema":"1a1c01bbd47fc00a2c39e90264f33305004495a9","hash":"e8773028c1add4543e91eb517eb3a041e30cac0d"}
,"/Users/leviatan/Projects/42/red_tetris/backend/src/classes/Player.js": {"path":"/Users/leviatan/Projects/42/red_tetris/backend/src/classes/Player.js","statementMap":{"0":{"start":{"line":5,"column":8},"end":{"line":5,"column":25}},"1":{"start":{"line":6,"column":8},"end":{"line":6,"column":29}},"2":{"start":{"line":9,"column":8},"end":{"line":9,"column":23}},"3":{"start":{"line":10,"column":8},"end":{"line":10,"column":30}},"4":{"start":{"line":11,"column":8},"end":{"line":11,"column":31}},"5":{"start":{"line":12,"column":8},"end":{"line":12,"column":29}},"6":{"start":{"line":13,"column":8},"end":{"line":13,"column":30}},"7":{"start":{"line":18,"column":8},"end":{"line":18,"column":29}},"8":{"start":{"line":19,"column":8},"end":{"line":19,"column":26}},"9":{"start":{"line":24,"column":8},"end":{"line":24,"column":33}},"10":{"start":{"line":25,"column":8},"end":{"line":25,"column":20}},"11":{"start":{"line":30,"column":8},"end":{"line":30,"column":33}},"12":{"start":{"line":31,"column":8},"end":{"line":31,"column":20}},"13":{"start":{"line":36,"column":8},"end":{"line":36,"column":35}},"14":{"start":{"line":37,"column":8},"end":{"line":37,"column":20}},"15":{"start":{"line":43,"column":8},"end":{"line":43,"column":33}},"16":{"start":{"line":48,"column":8},"end":{"line":55,"column":10}},"17":{"start":{"line":59,"column":0},"end":{"line":59,"column":24}}},"fnMap":{"0":{"name":"(anonymous_0)","decl":{"start":{"line":3,"column":4},"end":{"line":3,"column":5}},"loc":{"start":{"line":3,"column":30},"end":{"line":14,"column":5}},"line":3},"1":{"name":"(anonymous_1)","decl":{"start":{"line":17,"column":4},"end":{"line":17,"column":5}},"loc":{"start":{"line":17,"column":24},"end":{"line":20,"column":5}},"line":17},"2":{"name":"(anonymous_2)","decl":{"start":{"line":23,"column":4},"end":{"line":23,"column":5}},"loc":{"start":{"line":23,"column":26},"end":{"line":26,"column":5}},"line":23},"3":{"name":"(anonymous_3)","decl":{"start":{"line":29,"column":4},"end":{"line":29,"column":5}},"loc":{"start":{"line":29,"column":24},"end":{"line":32,"column":5}},"line":29},"4":{"name":"(anonymous_4)","decl":{"start":{"line":35,"column":4},"end":{"line":35,"column":5}},"loc":{"start":{"line":35,"column":26},"end":{"line":38,"column":5}},"line":35},"5":{"name":"(anonymous_5)","decl":{"start":{"line":42,"column":4},"end":{"line":42,"column":5}},"loc":{"start":{"line":42,"column":22},"end":{"line":44,"column":5}},"line":42},"6":{"name":"(anonymous_6)","decl":{"start":{"line":47,"column":4},"end":{"line":47,"column":5}},"loc":{"start":{"line":47,"column":13},"end":{"line":56,"column":5}},"line":47}},"branchMap":{},"s":{"0":13,"1":13,"2":13,"3":13,"4":13,"5":13,"6":13,"7":5,"8":5,"9":7,"10":7,"11":8,"12":8,"13":3,"14":3,"15":1,"16":7,"17":4},"f":{"0":13,"1":5,"2":7,"3":8,"4":3,"5":1,"6":7},"b":{},"_coverageSchema":"1a1c01bbd47fc00a2c39e90264f33305004495a9","hash":"876baf7249f63fa56250bbc8b4065059da36da72"}
,"/Users/leviatan/Projects/42/red_tetris/backend/src/config/constants.js": {"path":"/Users/leviatan/Projects/42/red_tetris/backend/src/config/constants.js","statementMap":{"0":{"start":{"line":2,"column":0},"end":{"line":59,"column":2}}},"fnMap":{},"branchMap":{},"s":{"0":5},"f":{},"b":{},"_coverageSchema":"1a1c01bbd47fc00a2c39e90264f33305004495a9","hash":"e8be685a3eb6401dc7c3624fa51b5249cb9b7370"}
,"/Users/leviatan/Projects/42/red_tetris/backend/src/services/gameLogicService.js": {"path":"/Users/leviatan/Projects/42/red_tetris/backend/src/services/gameLogicService.js","statementMap":{"0":{"start":{"line":1,"column":43},"end":{"line":1,"column":73}},"1":{"start":{"line":2,"column":13},"end":{"line":2,"column":39}},"2":{"start":{"line":3,"column":36},"end":{"line":3,"column":66}},"3":{"start":{"line":7,"column":4},"end":{"line":7,"column":35}},"4":{"start":{"line":8,"column":4},"end":{"line":8,"column":25}},"5":{"start":{"line":9,"column":4},"end":{"line":9,"column":27}},"6":{"start":{"line":13,"column":4},"end":{"line":13,"column":79}},"7":{"start":{"line":16,"column":20},"end":{"line":16,"column":56}},"8":{"start":{"line":17,"column":21},"end":{"line":17,"column":60}},"9":{"start":{"line":18,"column":20},"end":{"line":18,"column":56}},"10":{"start":{"line":19,"column":17},"end":{"line":19,"column":59}},"11":{"start":{"line":22,"column":17},"end":{"line":22,"column":61}},"12":{"start":{"line":23,"column":4},"end":{"line":23,"column":21}},"13":{"start":{"line":26,"column":26},"end":{"line":26,"column":70}},"14":{"start":{"line":26,"column":46},"end":{"line":26,"column":69}},"15":{"start":{"line":27,"column":4},"end":{"line":29,"column":5}},"16":{"start":{"line":28,"column":6},"end":{"line":28,"column":64}},"17":{"start":{"line":32,"column":4},"end":{"line":34,"column":5}},"18":{"start":{"line":33,"column":6},"end":{"line":33,"column":40}},"19":{"start":{"line":37,"column":4},"end":{"line":37,"column":47}},"20":{"start":{"line":40,"column":4},"end":{"line":42,"column":45}},"21":{"start":{"line":42,"column":17},"end":{"line":42,"column":43}},"22":{"start":{"line":43,"column":4},"end":{"line":43,"column":19}},"23":{"start":{"line":44,"column":4},"end":{"line":44,"column":19}},"24":{"start":{"line":45,"column":4},"end":{"line":45,"column":26}},"25":{"start":{"line":46,"column":4},"end":{"line":46,"column":26}},"26":{"start":{"line":47,"column":4},"end":{"line":47,"column":29}},"27":{"start":{"line":48,"column":4},"end":{"line":48,"column":26}},"28":{"start":{"line":49,"column":4},"end":{"line":49,"column":26}},"29":{"start":{"line":50,"column":4},"end":{"line":50,"column":26}},"30":{"start":{"line":51,"column":4},"end":{"line":51,"column":26}},"31":{"start":{"line":53,"column":4},"end":{"line":53,"column":28}},"32":{"start":{"line":55,"column":4},"end":{"line":59,"column":6}},"33":{"start":{"line":63,"column":4},"end":{"line":63,"column":64}},"34":{"start":{"line":64,"column":4},"end":{"line":105,"column":5}},"35":{"start":{"line":65,"column":26},"end":{"line":65,"column":48}},"36":{"start":{"line":66,"column":6},"end":{"line":69,"column":7}},"37":{"start":{"line":67,"column":8},"end":{"line":67,"column":51}},"38":{"start":{"line":68,"column":8},"end":{"line":68,"column":20}},"39":{"start":{"line":71,"column":19},"end":{"line":71,"column":44}},"40":{"start":{"line":72,"column":6},"end":{"line":75,"column":7}},"41":{"start":{"line":73,"column":8},"end":{"line":73,"column":55}},"42":{"start":{"line":74,"column":8},"end":{"line":74,"column":20}},"43":{"start":{"line":77,"column":25},"end":{"line":77,"column":56}},"44":{"start":{"line":78,"column":22},"end":{"line":78,"column":58}},"45":{"start":{"line":79,"column":23},"end":{"line":79,"column":62}},"46":{"start":{"line":80,"column":22},"end":{"line":80,"column":50}},"47":{"start":{"line":83,"column":27},"end":{"line":94,"column":7}},"48":{"start":{"line":96,"column":25},"end":{"line":96,"column":61}},"49":{"start":{"line":98,"column":6},"end":{"line":101,"column":8}},"50":{"start":{"line":103,"column":6},"end":{"line":103,"column":48}},"51":{"start":{"line":104,"column":6},"end":{"line":104,"column":18}},"52":{"start":{"line":109,"column":4},"end":{"line":128,"column":5}},"53":{"start":{"line":110,"column":26},"end":{"line":110,"column":48}},"54":{"start":{"line":111,"column":6},"end":{"line":111,"column":36}},"55":{"start":{"line":111,"column":24},"end":{"line":111,"column":36}},"56":{"start":{"line":113,"column":19},"end":{"line":113,"column":44}},"57":{"start":{"line":114,"column":6},"end":{"line":114,"column":29}},"58":{"start":{"line":114,"column":17},"end":{"line":114,"column":29}},"59":{"start":{"line":116,"column":6},"end":{"line":116,"column":25}},"60":{"start":{"line":118,"column":27},"end":{"line":118,"column":57}},"61":{"start":{"line":119,"column":25},"end":{"line":119,"column":61}},"62":{"start":{"line":121,"column":6},"end":{"line":124,"column":8}},"63":{"start":{"line":126,"column":6},"end":{"line":126,"column":51}},"64":{"start":{"line":127,"column":6},"end":{"line":127,"column":18}},"65":{"start":{"line":132,"column":4},"end":{"line":161,"column":5}},"66":{"start":{"line":133,"column":26},"end":{"line":133,"column":48}},"67":{"start":{"line":134,"column":6},"end":{"line":134,"column":36}},"68":{"start":{"line":134,"column":24},"end":{"line":134,"column":36}},"69":{"start":{"line":136,"column":19},"end":{"line":136,"column":44}},"70":{"start":{"line":137,"column":6},"end":{"line":137,"column":29}},"71":{"start":{"line":137,"column":17},"end":{"line":137,"column":29}},"72":{"start":{"line":139,"column":25},"end":{"line":139,"column":47}},"73":{"start":{"line":140,"column":6},"end":{"line":157,"column":7}},"74":{"start":{"line":141,"column":29},"end":{"line":149,"column":9}},"75":{"start":{"line":151,"column":27},"end":{"line":151,"column":63}},"76":{"start":{"line":153,"column":8},"end":{"line":156,"column":10}},"77":{"start":{"line":159,"column":6},"end":{"line":159,"column":48}},"78":{"start":{"line":160,"column":6},"end":{"line":160,"column":18}},"79":{"start":{"line":189,"column":4},"end":{"line":189,"column":34}},"80":{"start":{"line":193,"column":24},"end":{"line":193,"column":46}},"81":{"start":{"line":194,"column":4},"end":{"line":196,"column":5}},"82":{"start":{"line":195,"column":6},"end":{"line":195,"column":18}},"83":{"start":{"line":198,"column":20},"end":{"line":198,"column":56}},"84":{"start":{"line":199,"column":21},"end":{"line":199,"column":60}},"85":{"start":{"line":200,"column":20},"end":{"line":200,"column":56}},"86":{"start":{"line":202,"column":23},"end":{"line":202,"column":25}},"87":{"start":{"line":203,"column":4},"end":{"line":212,"column":5}},"88":{"start":{"line":204,"column":19},"end":{"line":204,"column":51}},"89":{"start":{"line":205,"column":6},"end":{"line":211,"column":7}},"90":{"start":{"line":206,"column":8},"end":{"line":210,"column":11}},"91":{"start":{"line":214,"column":4},"end":{"line":219,"column":6}},"92":{"start":{"line":223,"column":0},"end":{"line":223,"column":34}}},"fnMap":{"0":{"name":"(anonymous_0)","decl":{"start":{"line":6,"column":2},"end":{"line":6,"column":3}},"loc":{"start":{"line":6,"column":35},"end":{"line":10,"column":3}},"line":6},"1":{"name":"(anonymous_1)","decl":{"start":{"line":12,"column":2},"end":{"line":12,"column":3}},"loc":{"start":{"line":12,"column":37},"end":{"line":60,"column":3}},"line":12},"2":{"name":"(anonymous_2)","decl":{"start":{"line":26,"column":39},"end":{"line":26,"column":40}},"loc":{"start":{"line":26,"column":46},"end":{"line":26,"column":69}},"line":26},"3":{"name":"(anonymous_3)","decl":{"start":{"line":42,"column":11},"end":{"line":42,"column":12}},"loc":{"start":{"line":42,"column":17},"end":{"line":42,"column":43}},"line":42},"4":{"name":"(anonymous_4)","decl":{"start":{"line":62,"column":2},"end":{"line":62,"column":3}},"loc":{"start":{"line":62,"column":48},"end":{"line":106,"column":3}},"line":62},"5":{"name":"(anonymous_5)","decl":{"start":{"line":108,"column":2},"end":{"line":108,"column":3}},"loc":{"start":{"line":108,"column":41},"end":{"line":129,"column":3}},"line":108},"6":{"name":"(anonymous_6)","decl":{"start":{"line":131,"column":2},"end":{"line":131,"column":3}},"loc":{"start":{"line":131,"column":37},"end":{"line":162,"column":3}},"line":131},"7":{"name":"(anonymous_7)","decl":{"start":{"line":188,"column":2},"end":{"line":188,"column":3}},"loc":{"start":{"line":188,"column":24},"end":{"line":190,"column":3}},"line":188},"8":{"name":"(anonymous_8)","decl":{"start":{"line":192,"column":2},"end":{"line":192,"column":3}},"loc":{"start":{"line":192,"column":34},"end":{"line":220,"column":3}},"line":192}},"branchMap":{"0":{"loc":{"start":{"line":18,"column":31},"end":{"line":18,"column":55}},"type":"binary-expr","locations":[{"start":{"line":18,"column":31},"end":{"line":18,"column":47}},{"start":{"line":18,"column":51},"end":{"line":18,"column":55}}],"line":18},"1":{"loc":{"start":{"line":19,"column":17},"end":{"line":19,"column":59}},"type":"binary-expr","locations":[{"start":{"line":19,"column":17},"end":{"line":19,"column":30}},{"start":{"line":19,"column":34},"end":{"line":19,"column":59}}],"line":19},"2":{"loc":{"start":{"line":27,"column":4},"end":{"line":29,"column":5}},"type":"if","locations":[{"start":{"line":27,"column":4},"end":{"line":29,"column":5}},{"start":{},"end":{}}],"line":27},"3":{"loc":{"start":{"line":28,"column":32},"end":{"line":28,"column":63}},"type":"binary-expr","locations":[{"start":{"line":28,"column":32},"end":{"line":28,"column":58}},{"start":{"line":28,"column":62},"end":{"line":28,"column":63}}],"line":28},"4":{"loc":{"start":{"line":32,"column":4},"end":{"line":34,"column":5}},"type":"if","locations":[{"start":{"line":32,"column":4},"end":{"line":34,"column":5}},{"start":{},"end":{}}],"line":32},"5":{"loc":{"start":{"line":66,"column":6},"end":{"line":69,"column":7}},"type":"if","locations":[{"start":{"line":66,"column":6},"end":{"line":69,"column":7}},{"start":{},"end":{}}],"line":66},"6":{"loc":{"start":{"line":72,"column":6},"end":{"line":75,"column":7}},"type":"if","locations":[{"start":{"line":72,"column":6},"end":{"line":75,"column":7}},{"start":{},"end":{}}],"line":72},"7":{"loc":{"start":{"line":88,"column":10},"end":{"line":93,"column":18}},"type":"cond-expr","locations":[{"start":{"line":89,"column":14},"end":{"line":92,"column":15}},{"start":{"line":93,"column":14},"end":{"line":93,"column":18}}],"line":88},"8":{"loc":{"start":{"line":88,"column":10},"end":{"line":88,"column":46}},"type":"binary-expr","locations":[{"start":{"line":88,"column":10},"end":{"line":88,"column":20}},{"start":{"line":88,"column":24},"end":{"line":88,"column":46}}],"line":88},"9":{"loc":{"start":{"line":111,"column":6},"end":{"line":111,"column":36}},"type":"if","locations":[{"start":{"line":111,"column":6},"end":{"line":111,"column":36}},{"start":{},"end":{}}],"line":111},"10":{"loc":{"start":{"line":114,"column":6},"end":{"line":114,"column":29}},"type":"if","locations":[{"start":{"line":114,"column":6},"end":{"line":114,"column":29}},{"start":{},"end":{}}],"line":114},"11":{"loc":{"start":{"line":134,"column":6},"end":{"line":134,"column":36}},"type":"if","locations":[{"start":{"line":134,"column":6},"end":{"line":134,"column":36}},{"start":{},"end":{}}],"line":134},"12":{"loc":{"start":{"line":137,"column":6},"end":{"line":137,"column":29}},"type":"if","locations":[{"start":{"line":137,"column":6},"end":{"line":137,"column":29}},{"start":{},"end":{}}],"line":137},"13":{"loc":{"start":{"line":140,"column":6},"end":{"line":157,"column":7}},"type":"if","locations":[{"start":{"line":140,"column":6},"end":{"line":157,"column":7}},{"start":{},"end":{}}],"line":140},"14":{"loc":{"start":{"line":143,"column":28},"end":{"line":148,"column":18}},"type":"cond-expr","locations":[{"start":{"line":144,"column":14},"end":{"line":147,"column":15}},{"start":{"line":148,"column":14},"end":{"line":148,"column":18}}],"line":143},"15":{"loc":{"start":{"line":194,"column":4},"end":{"line":196,"column":5}},"type":"if","locations":[{"start":{"line":194,"column":4},"end":{"line":196,"column":5}},{"start":{},"end":{}}],"line":194},"16":{"loc":{"start":{"line":200,"column":31},"end":{"line":200,"column":55}},"type":"binary-expr","locations":[{"start":{"line":200,"column":31},"end":{"line":200,"column":47}},{"start":{"line":200,"column":51},"end":{"line":200,"column":55}}],"line":200},"17":{"loc":{"start":{"line":205,"column":6},"end":{"line":211,"column":7}},"type":"if","locations":[{"start":{"line":205,"column":6},"end":{"line":211,"column":7}},{"start":{},"end":{}}],"line":205}},"s":{"0":1,"1":1,"2":1,"3":6,"4":6,"5":6,"6":6,"7":6,"8":6,"9":6,"10":6,"11":6,"12":6,"13":6,"14":0,"15":6,"16":0,"17":6,"18":6,"19":6,"20":6,"21":120,"22":6,"23":6,"24":6,"25":6,"26":6,"27":6,"28":6,"29":6,"30":6,"31":6,"32":6,"33":1,"34":1,"35":1,"36":1,"37":0,"38":0,"39":1,"40":1,"41":0,"42":0,"43":1,"44":1,"45":1,"46":1,"47":1,"48":1,"49":1,"50":0,"51":0,"52":1,"53":1,"54":1,"55":0,"56":1,"57":1,"58":0,"59":1,"60":1,"61":1,"62":1,"63":0,"64":0,"65":1,"66":1,"67":1,"68":0,"69":1,"70":1,"71":0,"72":1,"73":1,"74":1,"75":1,"76":1,"77":0,"78":0,"79":0,"80":4,"81":4,"82":0,"83":4,"84":4,"85":4,"86":4,"87":4,"88":0,"89":0,"90":0,"91":4,"92":1},"f":{"0":6,"1":6,"2":0,"3":120,"4":1,"5":1,"6":1,"7":0,"8":4},"b":{"0":[6,0],"1":[6,0],"2":[0,6],"3":[0,0],"4":[6,0],"5":[0,1],"6":[0,1],"7":[0,1],"8":[1,1],"9":[0,1],"10":[0,1],"11":[0,1],"12":[0,1],"13":[1,0],"14":[0,1],"15":[0,4],"16":[4,0],"17":[0,0]},"_coverageSchema":"1a1c01bbd47fc00a2c39e90264f33305004495a9","hash":"d354120d5db3258e6a9f3c00c01e9196bac5e25a"}
,"/Users/leviatan/Projects/42/red_tetris/backend/src/services/lobbyService.js": {"path":"/Users/leviatan/Projects/42/red_tetris/backend/src/services/lobbyService.js","statementMap":{"0":{"start":{"line":2,"column":36},"end":{"line":2,"column":66}},"1":{"start":{"line":3,"column":15},"end":{"line":3,"column":43}},"2":{"start":{"line":7,"column":4},"end":{"line":7,"column":35}},"3":{"start":{"line":12,"column":20},"end":{"line":12,"column":56}},"4":{"start":{"line":15,"column":22},"end":{"line":15,"column":53}},"5":{"start":{"line":16,"column":4},"end":{"line":16,"column":37}},"6":{"start":{"line":17,"column":4},"end":{"line":17,"column":30}},"7":{"start":{"line":19,"column":20},"end":{"line":19,"column":40}},"8":{"start":{"line":21,"column":17},"end":{"line":21,"column":42}},"9":{"start":{"line":23,"column":4},"end":{"line":34,"column":7}},"10":{"start":{"line":29,"column":42},"end":{"line":29,"column":59}},"11":{"start":{"line":36,"column":4},"end":{"line":36,"column":37}},"12":{"start":{"line":40,"column":20},"end":{"line":40,"column":56}},"13":{"start":{"line":41,"column":23},"end":{"line":41,"column":61}},"14":{"start":{"line":43,"column":4},"end":{"line":45,"column":5}},"15":{"start":{"line":44,"column":6},"end":{"line":44,"column":51}},"16":{"start":{"line":47,"column":21},"end":{"line":47,"column":60}},"17":{"start":{"line":48,"column":18},"end":{"line":48,"column":54}},"18":{"start":{"line":50,"column":4},"end":{"line":52,"column":5}},"19":{"start":{"line":51,"column":6},"end":{"line":51,"column":56}},"20":{"start":{"line":54,"column":4},"end":{"line":56,"column":5}},"21":{"start":{"line":55,"column":6},"end":{"line":55,"column":38}},"22":{"start":{"line":58,"column":4},"end":{"line":60,"column":5}},"23":{"start":{"line":58,"column":26},"end":{"line":58,"column":48}},"24":{"start":{"line":59,"column":6},"end":{"line":59,"column":51}},"25":{"start":{"line":63,"column":22},"end":{"line":63,"column":53}},"26":{"start":{"line":64,"column":4},"end":{"line":64,"column":37}},"27":{"start":{"line":65,"column":4},"end":{"line":65,"column":31}},"28":{"start":{"line":66,"column":23},"end":{"line":66,"column":41}},"29":{"start":{"line":68,"column":4},"end":{"line":68,"column":29}},"30":{"start":{"line":71,"column":4},"end":{"line":74,"column":7}},"31":{"start":{"line":76,"column":4},"end":{"line":80,"column":6}},"32":{"start":{"line":78,"column":35},"end":{"line":78,"column":57}},"33":{"start":{"line":85,"column":20},"end":{"line":85,"column":56}},"34":{"start":{"line":86,"column":21},"end":{"line":86,"column":60}},"35":{"start":{"line":88,"column":18},"end":{"line":88,"column":46}},"36":{"start":{"line":90,"column":4},"end":{"line":90,"column":59}},"37":{"start":{"line":90,"column":34},"end":{"line":90,"column":57}},"38":{"start":{"line":92,"column":4},"end":{"line":95,"column":5}},"39":{"start":{"line":93,"column":8},"end":{"line":93,"column":44}},"40":{"start":{"line":94,"column":8},"end":{"line":94,"column":20}},"41":{"start":{"line":98,"column":4},"end":{"line":100,"column":5}},"42":{"start":{"line":98,"column":27},"end":{"line":98,"column":37}},"43":{"start":{"line":99,"column":8},"end":{"line":99,"column":35}},"44":{"start":{"line":102,"column":4},"end":{"line":102,"column":77}},"45":{"start":{"line":103,"column":4},"end":{"line":107,"column":6}},"46":{"start":{"line":112,"column":20},"end":{"line":112,"column":56}},"47":{"start":{"line":113,"column":21},"end":{"line":113,"column":60}},"48":{"start":{"line":115,"column":4},"end":{"line":115,"column":39}},"49":{"start":{"line":115,"column":27},"end":{"line":115,"column":39}},"50":{"start":{"line":117,"column":4},"end":{"line":123,"column":6}},"51":{"start":{"line":127,"column":20},"end":{"line":127,"column":56}},"52":{"start":{"line":128,"column":17},"end":{"line":128,"column":61}},"53":{"start":{"line":129,"column":4},"end":{"line":129,"column":16}},"54":{"start":{"line":134,"column":22},"end":{"line":134,"column":53}},"55":{"start":{"line":135,"column":4},"end":{"line":135,"column":33}},"56":{"start":{"line":135,"column":20},"end":{"line":135,"column":33}},"57":{"start":{"line":137,"column":26},"end":{"line":137,"column":72}},"58":{"start":{"line":137,"column":54},"end":{"line":137,"column":71}},"59":{"start":{"line":138,"column":4},"end":{"line":138,"column":44}},"60":{"start":{"line":142,"column":0},"end":{"line":142,"column":30}}},"fnMap":{"0":{"name":"(anonymous_0)","decl":{"start":{"line":6,"column":2},"end":{"line":6,"column":3}},"loc":{"start":{"line":6,"column":27},"end":{"line":8,"column":3}},"line":6},"1":{"name":"(anonymous_1)","decl":{"start":{"line":11,"column":2},"end":{"line":11,"column":3}},"loc":{"start":{"line":11,"column":35},"end":{"line":37,"column":3}},"line":11},"2":{"name":"(anonymous_2)","decl":{"start":{"line":29,"column":36},"end":{"line":29,"column":37}},"loc":{"start":{"line":29,"column":42},"end":{"line":29,"column":59}},"line":29},"3":{"name":"(anonymous_3)","decl":{"start":{"line":39,"column":2},"end":{"line":39,"column":3}},"loc":{"start":{"line":39,"column":33},"end":{"line":81,"column":1}},"line":39},"4":{"name":"(anonymous_4)","decl":{"start":{"line":58,"column":21},"end":{"line":58,"column":22}},"loc":{"start":{"line":58,"column":26},"end":{"line":58,"column":48}},"line":58},"5":{"name":"(anonymous_5)","decl":{"start":{"line":78,"column":29},"end":{"line":78,"column":30}},"loc":{"start":{"line":78,"column":35},"end":{"line":78,"column":57}},"line":78},"6":{"name":"(anonymous_6)","decl":{"start":{"line":84,"column":2},"end":{"line":84,"column":3}},"loc":{"start":{"line":84,"column":39},"end":{"line":108,"column":1}},"line":84},"7":{"name":"(anonymous_7)","decl":{"start":{"line":90,"column":29},"end":{"line":90,"column":30}},"loc":{"start":{"line":90,"column":34},"end":{"line":90,"column":57}},"line":90},"8":{"name":"(anonymous_8)","decl":{"start":{"line":98,"column":22},"end":{"line":98,"column":23}},"loc":{"start":{"line":98,"column":27},"end":{"line":98,"column":37}},"line":98},"9":{"name":"(anonymous_9)","decl":{"start":{"line":111,"column":2},"end":{"line":111,"column":3}},"loc":{"start":{"line":111,"column":29},"end":{"line":124,"column":3}},"line":111},"10":{"name":"(anonymous_10)","decl":{"start":{"line":126,"column":2},"end":{"line":126,"column":3}},"loc":{"start":{"line":126,"column":28},"end":{"line":130,"column":3}},"line":126},"11":{"name":"(anonymous_11)","decl":{"start":{"line":133,"column":2},"end":{"line":133,"column":3}},"loc":{"start":{"line":133,"column":39},"end":{"line":139,"column":3}},"line":133},"12":{"name":"(anonymous_12)","decl":{"start":{"line":137,"column":49},"end":{"line":137,"column":50}},"loc":{"start":{"line":137,"column":54},"end":{"line":137,"column":71}},"line":137}},"branchMap":{"0":{"loc":{"start":{"line":43,"column":4},"end":{"line":45,"column":5}},"type":"if","locations":[{"start":{"line":43,"column":4},"end":{"line":45,"column":5}},{"start":{},"end":{}}],"line":43},"1":{"loc":{"start":{"line":48,"column":29},"end":{"line":48,"column":53}},"type":"binary-expr","locations":[{"start":{"line":48,"column":29},"end":{"line":48,"column":45}},{"start":{"line":48,"column":49},"end":{"line":48,"column":53}}],"line":48},"2":{"loc":{"start":{"line":50,"column":4},"end":{"line":52,"column":5}},"type":"if","locations":[{"start":{"line":50,"column":4},"end":{"line":52,"column":5}},{"start":{},"end":{}}],"line":50},"3":{"loc":{"start":{"line":54,"column":4},"end":{"line":56,"column":5}},"type":"if","locations":[{"start":{"line":54,"column":4},"end":{"line":56,"column":5}},{"start":{},"end":{}}],"line":54},"4":{"loc":{"start":{"line":58,"column":4},"end":{"line":60,"column":5}},"type":"if","locations":[{"start":{"line":58,"column":4},"end":{"line":60,"column":5}},{"start":{},"end":{}}],"line":58},"5":{"loc":{"start":{"line":92,"column":4},"end":{"line":95,"column":5}},"type":"if","locations":[{"start":{"line":92,"column":4},"end":{"line":95,"column":5}},{"start":{},"end":{}}],"line":92},"6":{"loc":{"start":{"line":98,"column":4},"end":{"line":100,"column":5}},"type":"if","locations":[{"start":{"line":98,"column":4},"end":{"line":100,"column":5}},{"start":{},"end":{}}],"line":98},"7":{"loc":{"start":{"line":98,"column":8},"end":{"line":98,"column":60}},"type":"binary-expr","locations":[{"start":{"line":98,"column":8},"end":{"line":98,"column":38}},{"start":{"line":98,"column":42},"end":{"line":98,"column":60}}],"line":98},"8":{"loc":{"start":{"line":115,"column":4},"end":{"line":115,"column":39}},"type":"if","locations":[{"start":{"line":115,"column":4},"end":{"line":115,"column":39}},{"start":{},"end":{}}],"line":115},"9":{"loc":{"start":{"line":121,"column":25},"end":{"line":121,"column":48}},"type":"binary-expr","locations":[{"start":{"line":121,"column":25},"end":{"line":121,"column":40}},{"start":{"line":121,"column":44},"end":{"line":121,"column":48}}],"line":121},"10":{"loc":{"start":{"line":122,"column":28},"end":{"line":122,"column":54}},"type":"binary-expr","locations":[{"start":{"line":122,"column":28},"end":{"line":122,"column":46}},{"start":{"line":122,"column":50},"end":{"line":122,"column":54}}],"line":122},"11":{"loc":{"start":{"line":135,"column":4},"end":{"line":135,"column":33}},"type":"if","locations":[{"start":{"line":135,"column":4},"end":{"line":135,"column":33}},{"start":{},"end":{}}],"line":135},"12":{"loc":{"start":{"line":138,"column":11},"end":{"line":138,"column":43}},"type":"binary-expr","locations":[{"start":{"line":138,"column":11},"end":{"line":138,"column":34}},{"start":{"line":138,"column":38},"end":{"line":138,"column":43}}],"line":138}},"s":{"0":1,"1":1,"2":8,"3":2,"4":2,"5":2,"6":2,"7":2,"8":2,"9":2,"10":40,"11":2,"12":2,"13":2,"14":2,"15":0,"16":2,"17":2,"18":2,"19":0,"20":2,"21":1,"22":1,"23":1,"24":0,"25":1,"26":1,"27":1,"28":1,"29":1,"30":1,"31":1,"32":2,"33":1,"34":1,"35":1,"36":1,"37":2,"38":1,"39":0,"40":0,"41":1,"42":1,"43":0,"44":1,"45":1,"46":1,"47":1,"48":1,"49":0,"50":1,"51":1,"52":1,"53":1,"54":2,"55":2,"56":0,"57":2,"58":3,"59":2,"60":1},"f":{"0":8,"1":2,"2":40,"3":2,"4":1,"5":2,"6":1,"7":2,"8":1,"9":1,"10":1,"11":2,"12":3},"b":{"0":[0,2],"1":[2,0],"2":[0,2],"3":[1,1],"4":[0,1],"5":[0,1],"6":[0,1],"7":[1,0],"8":[0,1],"9":[1,0],"10":[1,0],"11":[0,2],"12":[2,1]},"_coverageSchema":"1a1c01bbd47fc00a2c39e90264f33305004495a9","hash":"8935f403597d3e2fbbdeb8e8c110429a4cefc362"}
,"/Users/leviatan/Projects/42/red_tetris/backend/src/utils/helpers.js": {"path":"/Users/leviatan/Projects/42/red_tetris/backend/src/utils/helpers.js","statementMap":{"0":{"start":{"line":1,"column":16},"end":{"line":1,"column":34}},"1":{"start":{"line":2,"column":13},"end":{"line":2,"column":28}},"2":{"start":{"line":3,"column":13},"end":{"line":3,"column":28}},"3":{"start":{"line":4,"column":36},"end":{"line":4,"column":66}},"4":{"start":{"line":5,"column":15},"end":{"line":5,"column":43}},"5":{"start":{"line":9,"column":2},"end":{"line":9,"column":26}},"6":{"start":{"line":10,"column":2},"end":{"line":10,"column":61}},"7":{"start":{"line":11,"column":2},"end":{"line":16,"column":4}},"8":{"start":{"line":18,"column":2},"end":{"line":24,"column":5}},"9":{"start":{"line":19,"column":4},"end":{"line":22,"column":6}},"10":{"start":{"line":23,"column":4},"end":{"line":23,"column":11}},"11":{"start":{"line":29,"column":2},"end":{"line":52,"column":5}},"12":{"start":{"line":30,"column":4},"end":{"line":51,"column":5}},"13":{"start":{"line":31,"column":20},"end":{"line":31,"column":22}},"14":{"start":{"line":32,"column":23},"end":{"line":32,"column":75}},"15":{"start":{"line":34,"column":6},"end":{"line":41,"column":7}},"16":{"start":{"line":35,"column":21},"end":{"line":35,"column":51}},"17":{"start":{"line":36,"column":8},"end":{"line":40,"column":10}},"18":{"start":{"line":43,"column":6},"end":{"line":47,"column":9}},"19":{"start":{"line":49,"column":6},"end":{"line":49,"column":49}},"20":{"start":{"line":50,"column":6},"end":{"line":50,"column":53}},"21":{"start":{"line":57,"column":2},"end":{"line":57,"column":40}},"22":{"start":{"line":60,"column":2},"end":{"line":89,"column":5}},"23":{"start":{"line":61,"column":4},"end":{"line":88,"column":5}},"24":{"start":{"line":62,"column":23},"end":{"line":62,"column":75}},"25":{"start":{"line":63,"column":26},"end":{"line":63,"column":28}},"26":{"start":{"line":65,"column":6},"end":{"line":82,"column":7}},"27":{"start":{"line":66,"column":25},"end":{"line":66,"column":55}},"28":{"start":{"line":67,"column":24},"end":{"line":67,"column":60}},"29":{"start":{"line":70,"column":33},"end":{"line":70,"column":100}},"30":{"start":{"line":70,"column":53},"end":{"line":70,"column":99}},"31":{"start":{"line":72,"column":8},"end":{"line":81,"column":9}},"32":{"start":{"line":73,"column":25},"end":{"line":73,"column":64}},"33":{"start":{"line":74,"column":10},"end":{"line":80,"column":13}},"34":{"start":{"line":79,"column":48},"end":{"line":79,"column":86}},"35":{"start":{"line":84,"column":6},"end":{"line":84,"column":39}},"36":{"start":{"line":86,"column":6},"end":{"line":86,"column":52}},"37":{"start":{"line":87,"column":6},"end":{"line":87,"column":63}},"38":{"start":{"line":91,"column":2},"end":{"line":94,"column":5}},"39":{"start":{"line":92,"column":4},"end":{"line":92,"column":43}},"40":{"start":{"line":93,"column":4},"end":{"line":93,"column":66}},"41":{"start":{"line":96,"column":2},"end":{"line":130,"column":5}},"42":{"start":{"line":97,"column":4},"end":{"line":97,"column":44}},"43":{"start":{"line":98,"column":34},"end":{"line":98,"column":44}},"44":{"start":{"line":100,"column":4},"end":{"line":129,"column":5}},"45":{"start":{"line":101,"column":22},"end":{"line":101,"column":56}},"46":{"start":{"line":102,"column":25},"end":{"line":102,"column":58}},"47":{"start":{"line":104,"column":6},"end":{"line":125,"column":7}},"48":{"start":{"line":105,"column":25},"end":{"line":105,"column":59}},"49":{"start":{"line":106,"column":24},"end":{"line":106,"column":60}},"50":{"start":{"line":109,"column":8},"end":{"line":113,"column":9}},"51":{"start":{"line":110,"column":10},"end":{"line":112,"column":61}},"52":{"start":{"line":115,"column":8},"end":{"line":119,"column":9}},"53":{"start":{"line":115,"column":32},"end":{"line":115,"column":54}},"54":{"start":{"line":116,"column":10},"end":{"line":118,"column":72}},"55":{"start":{"line":121,"column":8},"end":{"line":121,"column":42}},"56":{"start":{"line":124,"column":8},"end":{"line":124,"column":42}},"57":{"start":{"line":127,"column":6},"end":{"line":127,"column":37}},"58":{"start":{"line":128,"column":6},"end":{"line":128,"column":63}},"59":{"start":{"line":135,"column":2},"end":{"line":235,"column":5}},"60":{"start":{"line":136,"column":4},"end":{"line":234,"column":5}},"61":{"start":{"line":137,"column":6},"end":{"line":137,"column":40}},"62":{"start":{"line":138,"column":31},"end":{"line":138,"column":35}},"63":{"start":{"line":139,"column":22},"end":{"line":139,"column":56}},"64":{"start":{"line":140,"column":6},"end":{"line":140,"column":40}},"65":{"start":{"line":142,"column":25},"end":{"line":142,"column":65}},"66":{"start":{"line":143,"column":6},"end":{"line":149,"column":7}},"67":{"start":{"line":144,"column":8},"end":{"line":144,"column":62}},"68":{"start":{"line":145,"column":8},"end":{"line":148,"column":11}},"69":{"start":{"line":151,"column":23},"end":{"line":151,"column":64}},"70":{"start":{"line":152,"column":20},"end":{"line":152,"column":56}},"71":{"start":{"line":154,"column":26},"end":{"line":154,"column":69}},"72":{"start":{"line":154,"column":51},"end":{"line":154,"column":68}},"73":{"start":{"line":155,"column":6},"end":{"line":155,"column":111}},"74":{"start":{"line":156,"column":6},"end":{"line":156,"column":98}},"75":{"start":{"line":156,"column":56},"end":{"line":156,"column":94}},"76":{"start":{"line":158,"column":6},"end":{"line":195,"column":7}},"77":{"start":{"line":159,"column":31},"end":{"line":159,"column":51}},"78":{"start":{"line":160,"column":8},"end":{"line":160,"column":198}},"79":{"start":{"line":163,"column":8},"end":{"line":168,"column":9}},"80":{"start":{"line":166,"column":10},"end":{"line":166,"column":98}},"81":{"start":{"line":167,"column":10},"end":{"line":167,"column":83}},"82":{"start":{"line":171,"column":8},"end":{"line":173,"column":9}},"83":{"start":{"line":172,"column":10},"end":{"line":172,"column":100}},"84":{"start":{"line":176,"column":8},"end":{"line":176,"column":79}},"85":{"start":{"line":177,"column":23},"end":{"line":177,"column":47}},"86":{"start":{"line":178,"column":8},"end":{"line":178,"column":38}},"87":{"start":{"line":179,"column":8},"end":{"line":179,"column":50}},"88":{"start":{"line":180,"column":8},"end":{"line":180,"column":63}},"89":{"start":{"line":181,"column":8},"end":{"line":181,"column":47}},"90":{"start":{"line":184,"column":8},"end":{"line":187,"column":9}},"91":{"start":{"line":185,"column":10},"end":{"line":185,"column":79}},"92":{"start":{"line":186,"column":10},"end":{"line":186,"column":42}},"93":{"start":{"line":190,"column":8},"end":{"line":190,"column":71}},"94":{"start":{"line":191,"column":23},"end":{"line":191,"column":47}},"95":{"start":{"line":192,"column":8},"end":{"line":192,"column":38}},"96":{"start":{"line":193,"column":8},"end":{"line":193,"column":47}},"97":{"start":{"line":194,"column":8},"end":{"line":194,"column":38}},"98":{"start":{"line":197,"column":6},"end":{"line":201,"column":8}},"99":{"start":{"line":203,"column":6},"end":{"line":203,"column":24}},"100":{"start":{"line":204,"column":6},"end":{"line":204,"column":27}},"101":{"start":{"line":207,"column":6},"end":{"line":207,"column":45}},"102":{"start":{"line":209,"column":6},"end":{"line":213,"column":9}},"103":{"start":{"line":216,"column":6},"end":{"line":220,"column":9}},"104":{"start":{"line":223,"column":6},"end":{"line":227,"column":9}},"105":{"start":{"line":229,"column":6},"end":{"line":229,"column":114}},"106":{"start":{"line":230,"column":6},"end":{"line":230,"column":99}},"107":{"start":{"line":230,"column":90},"end":{"line":230,"column":96}},"108":{"start":{"line":232,"column":6},"end":{"line":232,"column":50}},"109":{"start":{"line":233,"column":6},"end":{"line":233,"column":55}},"110":{"start":{"line":237,"column":2},"end":{"line":320,"column":5}},"111":{"start":{"line":238,"column":4},"end":{"line":319,"column":5}},"112":{"start":{"line":240,"column":21},"end":{"line":240,"column":45}},"113":{"start":{"line":241,"column":6},"end":{"line":243,"column":7}},"114":{"start":{"line":242,"column":8},"end":{"line":242,"column":47}},"115":{"start":{"line":244,"column":6},"end":{"line":244,"column":51}},"116":{"start":{"line":247,"column":22},"end":{"line":247,"column":58}},"117":{"start":{"line":248,"column":25},"end":{"line":248,"column":65}},"118":{"start":{"line":249,"column":6},"end":{"line":251,"column":7}},"119":{"start":{"line":250,"column":8},"end":{"line":250,"column":42}},"120":{"start":{"line":254,"column":23},"end":{"line":254,"column":64}},"121":{"start":{"line":255,"column":6},"end":{"line":257,"column":7}},"122":{"start":{"line":256,"column":8},"end":{"line":256,"column":45}},"123":{"start":{"line":260,"column":22},"end":{"line":260,"column":50}},"124":{"start":{"line":261,"column":6},"end":{"line":263,"column":7}},"125":{"start":{"line":262,"column":8},"end":{"line":262,"column":46}},"126":{"start":{"line":266,"column":28},"end":{"line":266,"column":73}},"127":{"start":{"line":266,"column":48},"end":{"line":266,"column":72}},"128":{"start":{"line":267,"column":6},"end":{"line":269,"column":7}},"129":{"start":{"line":268,"column":8},"end":{"line":268,"column":52}},"130":{"start":{"line":272,"column":6},"end":{"line":274,"column":7}},"131":{"start":{"line":273,"column":8},"end":{"line":273,"column":62}},"132":{"start":{"line":277,"column":6},"end":{"line":279,"column":7}},"133":{"start":{"line":278,"column":8},"end":{"line":278,"column":55}},"134":{"start":{"line":282,"column":6},"end":{"line":282,"column":86}},"135":{"start":{"line":283,"column":6},"end":{"line":292,"column":7}},"136":{"start":{"line":284,"column":8},"end":{"line":284,"column":87}},"137":{"start":{"line":285,"column":32},"end":{"line":288,"column":9}},"138":{"start":{"line":290,"column":8},"end":{"line":290,"column":86}},"139":{"start":{"line":291,"column":8},"end":{"line":291,"column":76}},"140":{"start":{"line":295,"column":6},"end":{"line":298,"column":9}},"141":{"start":{"line":301,"column":6},"end":{"line":305,"column":9}},"142":{"start":{"line":308,"column":6},"end":{"line":310,"column":7}},"143":{"start":{"line":309,"column":8},"end":{"line":309,"column":61}},"144":{"start":{"line":313,"column":6},"end":{"line":315,"column":8}},"145":{"start":{"line":317,"column":6},"end":{"line":317,"column":51}},"146":{"start":{"line":318,"column":6},"end":{"line":318,"column":55}},"147":{"start":{"line":322,"column":2},"end":{"line":337,"column":5}},"148":{"start":{"line":323,"column":4},"end":{"line":336,"column":5}},"149":{"start":{"line":324,"column":25},"end":{"line":328,"column":7}},"150":{"start":{"line":329,"column":6},"end":{"line":335,"column":7}},"151":{"start":{"line":331,"column":8},"end":{"line":331,"column":77}},"152":{"start":{"line":334,"column":8},"end":{"line":334,"column":86}},"153":{"start":{"line":339,"column":2},"end":{"line":353,"column":5}},"154":{"start":{"line":340,"column":4},"end":{"line":352,"column":5}},"155":{"start":{"line":341,"column":25},"end":{"line":344,"column":7}},"156":{"start":{"line":345,"column":6},"end":{"line":351,"column":7}},"157":{"start":{"line":347,"column":8},"end":{"line":347,"column":77}},"158":{"start":{"line":350,"column":8},"end":{"line":350,"column":86}},"159":{"start":{"line":355,"column":2},"end":{"line":369,"column":5}},"160":{"start":{"line":356,"column":4},"end":{"line":368,"column":5}},"161":{"start":{"line":357,"column":25},"end":{"line":360,"column":7}},"162":{"start":{"line":361,"column":6},"end":{"line":367,"column":7}},"163":{"start":{"line":363,"column":8},"end":{"line":363,"column":77}},"164":{"start":{"line":366,"column":8},"end":{"line":366,"column":86}},"165":{"start":{"line":371,"column":2},"end":{"line":380,"column":5}},"166":{"start":{"line":372,"column":4},"end":{"line":372,"column":57}},"167":{"start":{"line":374,"column":4},"end":{"line":379,"column":5}},"168":{"start":{"line":375,"column":6},"end":{"line":375,"column":42}},"169":{"start":{"line":376,"column":6},"end":{"line":376,"column":58}},"170":{"start":{"line":377,"column":6},"end":{"line":377,"column":34}},"171":{"start":{"line":378,"column":6},"end":{"line":378,"column":27}},"172":{"start":{"line":382,"column":2},"end":{"line":390,"column":5}},"173":{"start":{"line":383,"column":4},"end":{"line":383,"column":45}},"174":{"start":{"line":384,"column":4},"end":{"line":384,"column":46}},"175":{"start":{"line":386,"column":4},"end":{"line":389,"column":5}},"176":{"start":{"line":387,"column":6},"end":{"line":387,"column":42}},"177":{"start":{"line":388,"column":6},"end":{"line":388,"column":58}},"178":{"start":{"line":395,"column":2},"end":{"line":395,"column":65}},"179":{"start":{"line":396,"column":18},"end":{"line":431,"column":3}},"180":{"start":{"line":397,"column":25},"end":{"line":399,"column":21}},"181":{"start":{"line":400,"column":4},"end":{"line":403,"column":5}},"182":{"start":{"line":401,"column":6},"end":{"line":401,"column":59}},"183":{"start":{"line":402,"column":6},"end":{"line":402,"column":13}},"184":{"start":{"line":405,"column":4},"end":{"line":426,"column":5}},"185":{"start":{"line":406,"column":25},"end":{"line":410,"column":7}},"186":{"start":{"line":412,"column":6},"end":{"line":415,"column":7}},"187":{"start":{"line":413,"column":8},"end":{"line":413,"column":76}},"188":{"start":{"line":414,"column":8},"end":{"line":414,"column":79}},"189":{"start":{"line":416,"column":6},"end":{"line":420,"column":7}},"190":{"start":{"line":417,"column":8},"end":{"line":417,"column":47}},"191":{"start":{"line":418,"column":8},"end":{"line":418,"column":55}},"192":{"start":{"line":419,"column":8},"end":{"line":419,"column":15}},"193":{"start":{"line":422,"column":6},"end":{"line":422,"column":42}},"194":{"start":{"line":423,"column":6},"end":{"line":423,"column":70}},"195":{"start":{"line":424,"column":6},"end":{"line":424,"column":59}},"196":{"start":{"line":425,"column":6},"end":{"line":425,"column":13}},"197":{"start":{"line":429,"column":20},"end":{"line":429,"column":71}},"198":{"start":{"line":430,"column":4},"end":{"line":430,"column":63}},"199":{"start":{"line":433,"column":2},"end":{"line":433,"column":12}},"200":{"start":{"line":437,"column":2},"end":{"line":477,"column":3}},"201":{"start":{"line":438,"column":4},"end":{"line":438,"column":73}},"202":{"start":{"line":441,"column":20},"end":{"line":441,"column":56}},"203":{"start":{"line":442,"column":21},"end":{"line":442,"column":62}},"204":{"start":{"line":443,"column":20},"end":{"line":443,"column":56}},"205":{"start":{"line":446,"column":4},"end":{"line":448,"column":5}},"206":{"start":{"line":447,"column":6},"end":{"line":447,"column":52}},"207":{"start":{"line":451,"column":18},"end":{"line":451,"column":60}},"208":{"start":{"line":451,"column":36},"end":{"line":451,"column":59}},"209":{"start":{"line":452,"column":19},"end":{"line":452,"column":61}},"210":{"start":{"line":452,"column":37},"end":{"line":452,"column":60}},"211":{"start":{"line":454,"column":4},"end":{"line":470,"column":5}},"212":{"start":{"line":456,"column":6},"end":{"line":460,"column":9}},"213":{"start":{"line":463,"column":6},"end":{"line":467,"column":9}},"214":{"start":{"line":469,"column":6},"end":{"line":469,"column":84}},"215":{"start":{"line":473,"column":4},"end":{"line":473,"column":67}},"216":{"start":{"line":476,"column":4},"end":{"line":476,"column":54}},"217":{"start":{"line":481,"column":2},"end":{"line":481,"column":63}},"218":{"start":{"line":482,"column":2},"end":{"line":485,"column":3}},"219":{"start":{"line":483,"column":4},"end":{"line":483,"column":60}},"220":{"start":{"line":484,"column":4},"end":{"line":484,"column":11}},"221":{"start":{"line":487,"column":19},"end":{"line":487,"column":68}},"222":{"start":{"line":488,"column":2},"end":{"line":492,"column":3}},"223":{"start":{"line":489,"column":4},"end":{"line":489,"column":27}},"224":{"start":{"line":490,"column":4},"end":{"line":490,"column":57}},"225":{"start":{"line":491,"column":4},"end":{"line":491,"column":67}},"226":{"start":{"line":497,"column":2},"end":{"line":580,"column":3}},"227":{"start":{"line":498,"column":20},"end":{"line":498,"column":56}},"228":{"start":{"line":499,"column":21},"end":{"line":499,"column":62}},"229":{"start":{"line":501,"column":4},"end":{"line":577,"column":5}},"230":{"start":{"line":502,"column":6},"end":{"line":502,"column":44}},"231":{"start":{"line":503,"column":20},"end":{"line":503,"column":48}},"232":{"start":{"line":504,"column":33},"end":{"line":504,"column":77}},"233":{"start":{"line":504,"column":53},"end":{"line":504,"column":76}},"234":{"start":{"line":505,"column":31},"end":{"line":505,"column":77}},"235":{"start":{"line":505,"column":53},"end":{"line":505,"column":76}},"236":{"start":{"line":507,"column":6},"end":{"line":576,"column":7}},"237":{"start":{"line":509,"column":8},"end":{"line":509,"column":46}},"238":{"start":{"line":510,"column":8},"end":{"line":510,"column":47}},"239":{"start":{"line":511,"column":13},"end":{"line":576,"column":7}},"240":{"start":{"line":513,"column":23},"end":{"line":513,"column":42}},"241":{"start":{"line":515,"column":8},"end":{"line":515,"column":111}},"242":{"start":{"line":518,"column":8},"end":{"line":520,"column":9}},"243":{"start":{"line":519,"column":10},"end":{"line":519,"column":56}},"244":{"start":{"line":523,"column":8},"end":{"line":528,"column":11}},"245":{"start":{"line":531,"column":8},"end":{"line":534,"column":9}},"246":{"start":{"line":532,"column":10},"end":{"line":532,"column":46}},"247":{"start":{"line":533,"column":10},"end":{"line":533,"column":93}},"248":{"start":{"line":537,"column":8},"end":{"line":540,"column":11}},"249":{"start":{"line":543,"column":8},"end":{"line":547,"column":11}},"250":{"start":{"line":552,"column":26},"end":{"line":552,"column":54}},"251":{"start":{"line":555,"column":8},"end":{"line":561,"column":9}},"252":{"start":{"line":556,"column":10},"end":{"line":556,"column":131}},"253":{"start":{"line":557,"column":10},"end":{"line":557,"column":46}},"254":{"start":{"line":558,"column":15},"end":{"line":561,"column":9}},"255":{"start":{"line":558,"column":49},"end":{"line":558,"column":59}},"256":{"start":{"line":560,"column":10},"end":{"line":560,"column":46}},"257":{"start":{"line":563,"column":8},"end":{"line":567,"column":10}},"258":{"start":{"line":569,"column":8},"end":{"line":573,"column":11}},"259":{"start":{"line":575,"column":8},"end":{"line":575,"column":47}},"260":{"start":{"line":579,"column":4},"end":{"line":579,"column":49}},"261":{"start":{"line":584,"column":2},"end":{"line":592,"column":3}},"262":{"start":{"line":585,"column":17},"end":{"line":585,"column":69}},"263":{"start":{"line":586,"column":4},"end":{"line":588,"column":5}},"264":{"start":{"line":587,"column":6},"end":{"line":587,"column":33}},"265":{"start":{"line":589,"column":4},"end":{"line":589,"column":40}},"266":{"start":{"line":591,"column":4},"end":{"line":591,"column":54}},"267":{"start":{"line":596,"column":2},"end":{"line":615,"column":3}},"268":{"start":{"line":597,"column":20},"end":{"line":597,"column":56}},"269":{"start":{"line":598,"column":24},"end":{"line":598,"column":41}},"270":{"start":{"line":600,"column":4},"end":{"line":605,"column":5}},"271":{"start":{"line":601,"column":6},"end":{"line":603,"column":9}},"272":{"start":{"line":602,"column":8},"end":{"line":602,"column":47}},"273":{"start":{"line":604,"column":6},"end":{"line":604,"column":27}},"274":{"start":{"line":607,"column":21},"end":{"line":607,"column":62}},"275":{"start":{"line":608,"column":4},"end":{"line":610,"column":5}},"276":{"start":{"line":609,"column":6},"end":{"line":609,"column":67}},"277":{"start":{"line":612,"column":4},"end":{"line":612,"column":50}},"278":{"start":{"line":614,"column":4},"end":{"line":614,"column":50}},"279":{"start":{"line":618,"column":0},"end":{"line":628,"column":2}}},"fnMap":{"0":{"name":"setupMiddlewares","decl":{"start":{"line":8,"column":9},"end":{"line":8,"column":25}},"loc":{"start":{"line":8,"column":31},"end":{"line":25,"column":1}},"line":8},"1":{"name":"(anonymous_1)","decl":{"start":{"line":18,"column":10},"end":{"line":18,"column":11}},"loc":{"start":{"line":18,"column":30},"end":{"line":24,"column":3}},"line":18},"2":{"name":"setupDebugRoute","decl":{"start":{"line":28,"column":9},"end":{"line":28,"column":24}},"loc":{"start":{"line":28,"column":43},"end":{"line":53,"column":1}},"line":28},"3":{"name":"(anonymous_3)","decl":{"start":{"line":29,"column":26},"end":{"line":29,"column":27}},"loc":{"start":{"line":29,"column":46},"end":{"line":52,"column":3}},"line":29},"4":{"name":"setupMainRoutes","decl":{"start":{"line":56,"column":9},"end":{"line":56,"column":24}},"loc":{"start":{"line":56,"column":61},"end":{"line":131,"column":1}},"line":56},"5":{"name":"(anonymous_5)","decl":{"start":{"line":60,"column":24},"end":{"line":60,"column":25}},"loc":{"start":{"line":60,"column":44},"end":{"line":89,"column":3}},"line":60},"6":{"name":"(anonymous_6)","decl":{"start":{"line":70,"column":48},"end":{"line":70,"column":49}},"loc":{"start":{"line":70,"column":53},"end":{"line":70,"column":99}},"line":70},"7":{"name":"(anonymous_7)","decl":{"start":{"line":79,"column":42},"end":{"line":79,"column":43}},"loc":{"start":{"line":79,"column":48},"end":{"line":79,"column":86}},"line":79},"8":{"name":"(anonymous_8)","decl":{"start":{"line":91,"column":33},"end":{"line":91,"column":34}},"loc":{"start":{"line":91,"column":47},"end":{"line":94,"column":3}},"line":91},"9":{"name":"(anonymous_9)","decl":{"start":{"line":96,"column":34},"end":{"line":96,"column":35}},"loc":{"start":{"line":96,"column":54},"end":{"line":130,"column":3}},"line":96},"10":{"name":"(anonymous_10)","decl":{"start":{"line":115,"column":25},"end":{"line":115,"column":26}},"loc":{"start":{"line":115,"column":32},"end":{"line":115,"column":54}},"line":115},"11":{"name":"setupSocketHandlers","decl":{"start":{"line":134,"column":9},"end":{"line":134,"column":28}},"loc":{"start":{"line":134,"column":45},"end":{"line":391,"column":1}},"line":134},"12":{"name":"(anonymous_12)","decl":{"start":{"line":135,"column":27},"end":{"line":135,"column":28}},"loc":{"start":{"line":135,"column":43},"end":{"line":235,"column":3}},"line":135},"13":{"name":"(anonymous_13)","decl":{"start":{"line":154,"column":44},"end":{"line":154,"column":45}},"loc":{"start":{"line":154,"column":51},"end":{"line":154,"column":68}},"line":154},"14":{"name":"(anonymous_14)","decl":{"start":{"line":156,"column":50},"end":{"line":156,"column":51}},"loc":{"start":{"line":156,"column":56},"end":{"line":156,"column":94}},"line":156},"15":{"name":"(anonymous_15)","decl":{"start":{"line":230,"column":85},"end":{"line":230,"column":86}},"loc":{"start":{"line":230,"column":90},"end":{"line":230,"column":96}},"line":230},"16":{"name":"(anonymous_16)","decl":{"start":{"line":237,"column":26},"end":{"line":237,"column":27}},"loc":{"start":{"line":237,"column":42},"end":{"line":320,"column":3}},"line":237},"17":{"name":"(anonymous_17)","decl":{"start":{"line":266,"column":41},"end":{"line":266,"column":42}},"loc":{"start":{"line":266,"column":48},"end":{"line":266,"column":72}},"line":266},"18":{"name":"(anonymous_18)","decl":{"start":{"line":322,"column":26},"end":{"line":322,"column":27}},"loc":{"start":{"line":322,"column":42},"end":{"line":337,"column":3}},"line":322},"19":{"name":"(anonymous_19)","decl":{"start":{"line":339,"column":28},"end":{"line":339,"column":29}},"loc":{"start":{"line":339,"column":44},"end":{"line":353,"column":3}},"line":339},"20":{"name":"(anonymous_20)","decl":{"start":{"line":355,"column":26},"end":{"line":355,"column":27}},"loc":{"start":{"line":355,"column":42},"end":{"line":369,"column":3}},"line":355},"21":{"name":"(anonymous_21)","decl":{"start":{"line":371,"column":26},"end":{"line":371,"column":27}},"loc":{"start":{"line":371,"column":42},"end":{"line":380,"column":3}},"line":371},"22":{"name":"(anonymous_22)","decl":{"start":{"line":382,"column":26},"end":{"line":382,"column":27}},"loc":{"start":{"line":382,"column":38},"end":{"line":390,"column":3}},"line":382},"23":{"name":"startPlayerGameLoop","decl":{"start":{"line":394,"column":9},"end":{"line":394,"column":28}},"loc":{"start":{"line":394,"column":55},"end":{"line":434,"column":1}},"line":394},"24":{"name":"(anonymous_24)","decl":{"start":{"line":396,"column":18},"end":{"line":396,"column":19}},"loc":{"start":{"line":396,"column":30},"end":{"line":431,"column":3}},"line":396},"25":{"name":"handleGameOver","decl":{"start":{"line":436,"column":15},"end":{"line":436,"column":29}},"loc":{"start":{"line":436,"column":56},"end":{"line":478,"column":1}},"line":436},"26":{"name":"(anonymous_26)","decl":{"start":{"line":451,"column":31},"end":{"line":451,"column":32}},"loc":{"start":{"line":451,"column":36},"end":{"line":451,"column":59}},"line":451},"27":{"name":"(anonymous_27)","decl":{"start":{"line":452,"column":32},"end":{"line":452,"column":33}},"loc":{"start":{"line":452,"column":37},"end":{"line":452,"column":60}},"line":452},"28":{"name":"stopGameLoop","decl":{"start":{"line":480,"column":9},"end":{"line":480,"column":21}},"loc":{"start":{"line":480,"column":48},"end":{"line":493,"column":1}},"line":480},"29":{"name":"cleanupRoom","decl":{"start":{"line":496,"column":15},"end":{"line":496,"column":26}},"loc":{"start":{"line":496,"column":53},"end":{"line":581,"column":1}},"line":496},"30":{"name":"(anonymous_30)","decl":{"start":{"line":504,"column":46},"end":{"line":504,"column":47}},"loc":{"start":{"line":504,"column":53},"end":{"line":504,"column":76}},"line":504},"31":{"name":"(anonymous_31)","decl":{"start":{"line":505,"column":46},"end":{"line":505,"column":47}},"loc":{"start":{"line":505,"column":53},"end":{"line":505,"column":76}},"line":505},"32":{"name":"(anonymous_32)","decl":{"start":{"line":558,"column":42},"end":{"line":558,"column":43}},"loc":{"start":{"line":558,"column":49},"end":{"line":558,"column":59}},"line":558},"33":{"name":"cleanupAllRooms","decl":{"start":{"line":583,"column":15},"end":{"line":583,"column":30}},"loc":{"start":{"line":583,"column":44},"end":{"line":593,"column":1}},"line":583},"34":{"name":"resetRoom","decl":{"start":{"line":595,"column":15},"end":{"line":595,"column":24}},"loc":{"start":{"line":595,"column":48},"end":{"line":616,"column":1}},"line":595},"35":{"name":"(anonymous_35)","decl":{"start":{"line":601,"column":26},"end":{"line":601,"column":27}},"loc":{"start":{"line":601,"column":43},"end":{"line":603,"column":7}},"line":601}},"branchMap":{"0":{"loc":{"start":{"line":37,"column":30},"end":{"line":37,"column":50}},"type":"binary-expr","locations":[{"start":{"line":37,"column":30},"end":{"line":37,"column":42}},{"start":{"line":37,"column":46},"end":{"line":37,"column":50}}],"line":37},"1":{"loc":{"start":{"line":67,"column":35},"end":{"line":67,"column":59}},"type":"binary-expr","locations":[{"start":{"line":67,"column":35},"end":{"line":67,"column":51}},{"start":{"line":67,"column":55},"end":{"line":67,"column":59}}],"line":67},"2":{"loc":{"start":{"line":70,"column":53},"end":{"line":70,"column":99}},"type":"binary-expr","locations":[{"start":{"line":70,"column":53},"end":{"line":70,"column":63}},{"start":{"line":70,"column":67},"end":{"line":70,"column":99}}],"line":70},"3":{"loc":{"start":{"line":72,"column":8},"end":{"line":81,"column":9}},"type":"if","locations":[{"start":{"line":72,"column":8},"end":{"line":81,"column":9}},{"start":{},"end":{}}],"line":72},"4":{"loc":{"start":{"line":104,"column":6},"end":{"line":125,"column":7}},"type":"if","locations":[{"start":{"line":104,"column":6},"end":{"line":125,"column":7}},{"start":{"line":122,"column":13},"end":{"line":125,"column":7}}],"line":104},"5":{"loc":{"start":{"line":106,"column":35},"end":{"line":106,"column":59}},"type":"binary-expr","locations":[{"start":{"line":106,"column":35},"end":{"line":106,"column":51}},{"start":{"line":106,"column":55},"end":{"line":106,"column":59}}],"line":106},"6":{"loc":{"start":{"line":109,"column":8},"end":{"line":113,"column":9}},"type":"if","locations":[{"start":{"line":109,"column":8},"end":{"line":113,"column":9}},{"start":{},"end":{}}],"line":109},"7":{"loc":{"start":{"line":115,"column":8},"end":{"line":119,"column":9}},"type":"if","locations":[{"start":{"line":115,"column":8},"end":{"line":119,"column":9}},{"start":{},"end":{}}],"line":115},"8":{"loc":{"start":{"line":143,"column":6},"end":{"line":149,"column":7}},"type":"if","locations":[{"start":{"line":143,"column":6},"end":{"line":149,"column":7}},{"start":{},"end":{}}],"line":143},"9":{"loc":{"start":{"line":152,"column":31},"end":{"line":152,"column":55}},"type":"binary-expr","locations":[{"start":{"line":152,"column":31},"end":{"line":152,"column":47}},{"start":{"line":152,"column":51},"end":{"line":152,"column":55}}],"line":152},"10":{"loc":{"start":{"line":158,"column":6},"end":{"line":195,"column":7}},"type":"if","locations":[{"start":{"line":158,"column":6},"end":{"line":195,"column":7}},{"start":{"line":182,"column":13},"end":{"line":195,"column":7}}],"line":158},"11":{"loc":{"start":{"line":160,"column":108},"end":{"line":160,"column":194}},"type":"cond-expr","locations":[{"start":{"line":160,"column":134},"end":{"line":160,"column":186}},{"start":{"line":160,"column":189},"end":{"line":160,"column":194}}],"line":160},"12":{"loc":{"start":{"line":163,"column":8},"end":{"line":168,"column":9}},"type":"if","locations":[{"start":{"line":163,"column":8},"end":{"line":168,"column":9}},{"start":{},"end":{}}],"line":163},"13":{"loc":{"start":{"line":163,"column":12},"end":{"line":165,"column":64}},"type":"binary-expr","locations":[{"start":{"line":163,"column":12},"end":{"line":163,"column":35}},{"start":{"line":164,"column":12},"end":{"line":164,"column":49}},{"start":{"line":165,"column":12},"end":{"line":165,"column":64}}],"line":163},"14":{"loc":{"start":{"line":171,"column":8},"end":{"line":173,"column":9}},"type":"if","locations":[{"start":{"line":171,"column":8},"end":{"line":173,"column":9}},{"start":{},"end":{}}],"line":171},"15":{"loc":{"start":{"line":171,"column":12},"end":{"line":171,"column":92}},"type":"binary-expr","locations":[{"start":{"line":171,"column":12},"end":{"line":171,"column":35}},{"start":{"line":171,"column":39},"end":{"line":171,"column":92}}],"line":171},"16":{"loc":{"start":{"line":180,"column":30},"end":{"line":180,"column":62}},"type":"binary-expr","locations":[{"start":{"line":180,"column":30},"end":{"line":180,"column":57}},{"start":{"line":180,"column":61},"end":{"line":180,"column":62}}],"line":180},"17":{"loc":{"start":{"line":184,"column":8},"end":{"line":187,"column":9}},"type":"if","locations":[{"start":{"line":184,"column":8},"end":{"line":187,"column":9}},{"start":{},"end":{}}],"line":184},"18":{"loc":{"start":{"line":240,"column":21},"end":{"line":240,"column":45}},"type":"binary-expr","locations":[{"start":{"line":240,"column":21},"end":{"line":240,"column":30}},{"start":{"line":240,"column":34},"end":{"line":240,"column":45}}],"line":240},"19":{"loc":{"start":{"line":241,"column":6},"end":{"line":243,"column":7}},"type":"if","locations":[{"start":{"line":241,"column":6},"end":{"line":243,"column":7}},{"start":{},"end":{}}],"line":241},"20":{"loc":{"start":{"line":249,"column":6},"end":{"line":251,"column":7}},"type":"if","locations":[{"start":{"line":249,"column":6},"end":{"line":251,"column":7}},{"start":{},"end":{}}],"line":249},"21":{"loc":{"start":{"line":255,"column":6},"end":{"line":257,"column":7}},"type":"if","locations":[{"start":{"line":255,"column":6},"end":{"line":257,"column":7}},{"start":{},"end":{}}],"line":255},"22":{"loc":{"start":{"line":255,"column":10},"end":{"line":255,"column":40}},"type":"binary-expr","locations":[{"start":{"line":255,"column":10},"end":{"line":255,"column":19}},{"start":{"line":255,"column":23},"end":{"line":255,"column":40}}],"line":255},"23":{"loc":{"start":{"line":261,"column":6},"end":{"line":263,"column":7}},"type":"if","locations":[{"start":{"line":261,"column":6},"end":{"line":263,"column":7}},{"start":{},"end":{}}],"line":261},"24":{"loc":{"start":{"line":267,"column":6},"end":{"line":269,"column":7}},"type":"if","locations":[{"start":{"line":267,"column":6},"end":{"line":269,"column":7}},{"start":{},"end":{}}],"line":267},"25":{"loc":{"start":{"line":272,"column":6},"end":{"line":274,"column":7}},"type":"if","locations":[{"start":{"line":272,"column":6},"end":{"line":274,"column":7}},{"start":{},"end":{}}],"line":272},"26":{"loc":{"start":{"line":277,"column":6},"end":{"line":279,"column":7}},"type":"if","locations":[{"start":{"line":277,"column":6},"end":{"line":279,"column":7}},{"start":{},"end":{}}],"line":277},"27":{"loc":{"start":{"line":323,"column":4},"end":{"line":336,"column":5}},"type":"if","locations":[{"start":{"line":323,"column":4},"end":{"line":336,"column":5}},{"start":{},"end":{}}],"line":323},"28":{"loc":{"start":{"line":329,"column":6},"end":{"line":335,"column":7}},"type":"if","locations":[{"start":{"line":329,"column":6},"end":{"line":335,"column":7}},{"start":{},"end":{}}],"line":329},"29":{"loc":{"start":{"line":340,"column":4},"end":{"line":352,"column":5}},"type":"if","locations":[{"start":{"line":340,"column":4},"end":{"line":352,"column":5}},{"start":{},"end":{}}],"line":340},"30":{"loc":{"start":{"line":345,"column":6},"end":{"line":351,"column":7}},"type":"if","locations":[{"start":{"line":345,"column":6},"end":{"line":351,"column":7}},{"start":{},"end":{}}],"line":345},"31":{"loc":{"start":{"line":356,"column":4},"end":{"line":368,"column":5}},"type":"if","locations":[{"start":{"line":356,"column":4},"end":{"line":368,"column":5}},{"start":{},"end":{}}],"line":356},"32":{"loc":{"start":{"line":361,"column":6},"end":{"line":367,"column":7}},"type":"if","locations":[{"start":{"line":361,"column":6},"end":{"line":367,"column":7}},{"start":{},"end":{}}],"line":361},"33":{"loc":{"start":{"line":374,"column":4},"end":{"line":379,"column":5}},"type":"if","locations":[{"start":{"line":374,"column":4},"end":{"line":379,"column":5}},{"start":{},"end":{}}],"line":374},"34":{"loc":{"start":{"line":386,"column":4},"end":{"line":389,"column":5}},"type":"if","locations":[{"start":{"line":386,"column":4},"end":{"line":389,"column":5}},{"start":{},"end":{}}],"line":386},"35":{"loc":{"start":{"line":400,"column":4},"end":{"line":403,"column":5}},"type":"if","locations":[{"start":{"line":400,"column":4},"end":{"line":403,"column":5}},{"start":{},"end":{}}],"line":400},"36":{"loc":{"start":{"line":412,"column":6},"end":{"line":415,"column":7}},"type":"if","locations":[{"start":{"line":412,"column":6},"end":{"line":415,"column":7}},{"start":{},"end":{}}],"line":412},"37":{"loc":{"start":{"line":416,"column":6},"end":{"line":420,"column":7}},"type":"if","locations":[{"start":{"line":416,"column":6},"end":{"line":420,"column":7}},{"start":{},"end":{}}],"line":416},"38":{"loc":{"start":{"line":429,"column":40},"end":{"line":429,"column":70}},"type":"binary-expr","locations":[{"start":{"line":429,"column":40},"end":{"line":429,"column":62}},{"start":{"line":429,"column":66},"end":{"line":429,"column":70}}],"line":429},"39":{"loc":{"start":{"line":443,"column":31},"end":{"line":443,"column":55}},"type":"binary-expr","locations":[{"start":{"line":443,"column":31},"end":{"line":443,"column":47}},{"start":{"line":443,"column":51},"end":{"line":443,"column":55}}],"line":443},"40":{"loc":{"start":{"line":454,"column":4},"end":{"line":470,"column":5}},"type":"if","locations":[{"start":{"line":454,"column":4},"end":{"line":470,"column":5}},{"start":{},"end":{}}],"line":454},"41":{"loc":{"start":{"line":454,"column":8},"end":{"line":454,"column":23}},"type":"binary-expr","locations":[{"start":{"line":454,"column":8},"end":{"line":454,"column":14}},{"start":{"line":454,"column":18},"end":{"line":454,"column":23}}],"line":454},"42":{"loc":{"start":{"line":482,"column":2},"end":{"line":485,"column":3}},"type":"if","locations":[{"start":{"line":482,"column":2},"end":{"line":485,"column":3}},{"start":{},"end":{}}],"line":482},"43":{"loc":{"start":{"line":482,"column":6},"end":{"line":482,"column":38}},"type":"binary-expr","locations":[{"start":{"line":482,"column":6},"end":{"line":482,"column":13}},{"start":{"line":482,"column":17},"end":{"line":482,"column":38}}],"line":482},"44":{"loc":{"start":{"line":488,"column":2},"end":{"line":492,"column":3}},"type":"if","locations":[{"start":{"line":488,"column":2},"end":{"line":492,"column":3}},{"start":{},"end":{}}],"line":488},"45":{"loc":{"start":{"line":501,"column":4},"end":{"line":577,"column":5}},"type":"if","locations":[{"start":{"line":501,"column":4},"end":{"line":577,"column":5}},{"start":{},"end":{}}],"line":501},"46":{"loc":{"start":{"line":507,"column":6},"end":{"line":576,"column":7}},"type":"if","locations":[{"start":{"line":507,"column":6},"end":{"line":576,"column":7}},{"start":{"line":511,"column":13},"end":{"line":576,"column":7}}],"line":507},"47":{"loc":{"start":{"line":511,"column":13},"end":{"line":576,"column":7}},"type":"if","locations":[{"start":{"line":511,"column":13},"end":{"line":576,"column":7}},{"start":{"line":549,"column":13},"end":{"line":576,"column":7}}],"line":511},"48":{"loc":{"start":{"line":511,"column":17},"end":{"line":511,"column":79}},"type":"binary-expr","locations":[{"start":{"line":511,"column":17},"end":{"line":511,"column":46}},{"start":{"line":511,"column":50},"end":{"line":511,"column":79}}],"line":511},"49":{"loc":{"start":{"line":531,"column":8},"end":{"line":534,"column":9}},"type":"if","locations":[{"start":{"line":531,"column":8},"end":{"line":534,"column":9}},{"start":{},"end":{}}],"line":531},"50":{"loc":{"start":{"line":555,"column":8},"end":{"line":561,"column":9}},"type":"if","locations":[{"start":{"line":555,"column":8},"end":{"line":561,"column":9}},{"start":{"line":558,"column":15},"end":{"line":561,"column":9}}],"line":555},"51":{"loc":{"start":{"line":555,"column":12},"end":{"line":555,"column":52}},"type":"binary-expr","locations":[{"start":{"line":555,"column":12},"end":{"line":555,"column":21}},{"start":{"line":555,"column":25},"end":{"line":555,"column":52}}],"line":555},"52":{"loc":{"start":{"line":558,"column":15},"end":{"line":561,"column":9}},"type":"if","locations":[{"start":{"line":558,"column":15},"end":{"line":561,"column":9}},{"start":{},"end":{}}],"line":558},"53":{"loc":{"start":{"line":558,"column":19},"end":{"line":558,"column":91}},"type":"binary-expr","locations":[{"start":{"line":558,"column":19},"end":{"line":558,"column":60}},{"start":{"line":558,"column":64},"end":{"line":558,"column":91}}],"line":558},"54":{"loc":{"start":{"line":600,"column":4},"end":{"line":605,"column":5}},"type":"if","locations":[{"start":{"line":600,"column":4},"end":{"line":605,"column":5}},{"start":{},"end":{}}],"line":600},"55":{"loc":{"start":{"line":608,"column":4},"end":{"line":610,"column":5}},"type":"if","locations":[{"start":{"line":608,"column":4},"end":{"line":610,"column":5}},{"start":{},"end":{}}],"line":608}},"s":{"0":2,"1":2,"2":2,"3":2,"4":2,"5":1,"6":1,"7":1,"8":1,"9":0,"10":0,"11":1,"12":0,"13":0,"14":0,"15":0,"16":0,"17":0,"18":0,"19":0,"20":0,"21":1,"22":1,"23":0,"24":0,"25":0,"26":0,"27":0,"28":0,"29":0,"30":0,"31":0,"32":0,"33":0,"34":0,"35":0,"36":0,"37":0,"38":1,"39":0,"40":0,"41":1,"42":0,"43":0,"44":0,"45":0,"46":0,"47":0,"48":0,"49":0,"50":0,"51":0,"52":0,"53":0,"54":0,"55":0,"56":0,"57":0,"58":0,"59":9,"60":2,"61":2,"62":2,"63":2,"64":2,"65":2,"66":2,"67":1,"68":1,"69":2,"70":2,"71":2,"72":1,"73":2,"74":2,"75":1,"76":2,"77":0,"78":0,"79":0,"80":0,"81":0,"82":0,"83":0,"84":0,"85":0,"86":0,"87":0,"88":0,"89":0,"90":2,"91":0,"92":0,"93":2,"94":2,"95":2,"96":2,"97":2,"98":2,"99":2,"100":2,"101":2,"102":2,"103":2,"104":2,"105":2,"106":2,"107":3,"108":0,"109":0,"110":9,"111":1,"112":1,"113":1,"114":0,"115":1,"116":1,"117":1,"118":1,"119":0,"120":1,"121":1,"122":0,"123":1,"124":1,"125":0,"126":1,"127":1,"128":1,"129":0,"130":1,"131":0,"132":1,"133":0,"134":1,"135":1,"136":2,"137":2,"138":2,"139":2,"140":1,"141":1,"142":1,"143":2,"144":1,"145":0,"146":0,"147":9,"148":1,"149":1,"150":1,"151":1,"152":1,"153":9,"154":1,"155":1,"156":1,"157":1,"158":1,"159":9,"160":1,"161":1,"162":1,"163":1,"164":1,"165":9,"166":1,"167":1,"168":1,"169":1,"170":1,"171":1,"172":9,"173":1,"174":1,"175":1,"176":1,"177":1,"178":3,"179":3,"180":3,"181":3,"182":2,"183":2,"184":1,"185":1,"186":1,"187":1,"188":1,"189":1,"190":0,"191":0,"192":0,"193":0,"194":0,"195":0,"196":0,"197":1,"198":1,"199":3,"200":0,"201":0,"202":0,"203":0,"204":0,"205":0,"206":0,"207":0,"208":0,"209":0,"210":0,"211":0,"212":0,"213":0,"214":0,"215":0,"216":0,"217":10,"218":10,"219":2,"220":2,"221":8,"222":8,"223":1,"224":1,"225":1,"226":5,"227":5,"228":5,"229":5,"230":5,"231":5,"232":5,"233":6,"234":5,"235":9,"236":5,"237":1,"238":1,"239":4,"240":1,"241":1,"242":1,"243":2,"244":1,"245":1,"246":1,"247":1,"248":1,"249":1,"250":3,"251":3,"252":3,"253":3,"254":0,"255":0,"256":0,"257":3,"258":3,"259":3,"260":0,"261":1,"262":1,"263":1,"264":2,"265":1,"266":0,"267":1,"268":1,"269":1,"270":1,"271":1,"272":1,"273":1,"274":1,"275":1,"276":1,"277":1,"278":0,"279":2},"f":{"0":1,"1":0,"2":1,"3":0,"4":1,"5":0,"6":0,"7":0,"8":0,"9":0,"10":0,"11":9,"12":2,"13":1,"14":1,"15":3,"16":1,"17":1,"18":1,"19":1,"20":1,"21":1,"22":1,"23":3,"24":3,"25":0,"26":0,"27":0,"28":10,"29":5,"30":6,"31":9,"32":0,"33":1,"34":1,"35":1},"b":{"0":[0,0],"1":[0,0],"2":[0,0],"3":[0,0],"4":[0,0],"5":[0,0],"6":[0,0],"7":[0,0],"8":[1,1],"9":[2,0],"10":[0,2],"11":[0,0],"12":[0,0],"13":[0,0,0],"14":[0,0],"15":[0,0],"16":[0,0],"17":[0,2],"18":[1,0],"19":[0,1],"20":[0,1],"21":[0,1],"22":[1,1],"23":[0,1],"24":[0,1],"25":[0,1],"26":[0,1],"27":[1,0],"28":[1,0],"29":[1,0],"30":[1,0],"31":[1,0],"32":[1,0],"33":[1,0],"34":[1,0],"35":[2,1],"36":[1,0],"37":[0,1],"38":[1,0],"39":[0,0],"40":[0,0],"41":[0,0],"42":[2,8],"43":[10,8],"44":[1,7],"45":[5,0],"46":[1,4],"47":[1,3],"48":[4,1],"49":[1,0],"50":[3,0],"51":[3,3],"52":[0,0],"53":[0,0],"54":[1,0],"55":[1,0]},"_coverageSchema":"1a1c01bbd47fc00a2c39e90264f33305004495a9","hash":"b39e341a367c81280b2ab455b02e15b9bff3263f"}
}
