TN:
SF:src/classes/Game.js
FN:10,(anonymous_0)
FN:16,(anonymous_1)
FN:30,(anonymous_2)
FN:57,(anonymous_3)
FN:67,(anonymous_4)
FN:82,(anonymous_5)
FN:110,(anonymous_6)
FN:142,(anonymous_7)
FN:195,(anonymous_8)
FN:224,(anonymous_9)
FN:252,(anonymous_10)
FN:290,(anonymous_11)
FN:296,(anonymous_12)
FN:317,(anonymous_13)
FN:329,(anonymous_14)
FN:338,(anonymous_15)
FNF:16
FNH:15
FNDA:23,(anonymous_0)
FNDA:460,(anonymous_1)
FNDA:35,(anonymous_2)
FNDA:4,(anonymous_3)
FNDA:0,(anonymous_4)
FNDA:3,(anonymous_5)
FNDA:19,(anonymous_6)
FNDA:4,(anonymous_7)
FNDA:3,(anonymous_8)
FNDA:2,(anonymous_9)
FNDA:66,(anonymous_10)
FNDA:3,(anonymous_11)
FNDA:70,(anonymous_12)
FNDA:3,(anonymous_13)
FNDA:5,(anonymous_14)
FNDA:10,(anonymous_15)
DA:1,2
DA:7,2
DA:11,23
DA:12,23
DA:13,23
DA:14,23
DA:16,460
DA:17,23
DA:18,23
DA:19,23
DA:20,23
DA:21,23
DA:22,23
DA:23,23
DA:24,23
DA:25,23
DA:26,23
DA:27,23
DA:31,35
DA:36,35
DA:37,35
DA:40,35
DA:41,35
DA:42,232
DA:43,232
DA:47,35
DA:48,35
DA:49,35
DA:51,35
DA:52,35
DA:54,35
DA:59,4
DA:62,4
DA:63,4
DA:65,4
DA:66,4
DA:67,4
DA:68,4
DA:69,0
DA:70,0
DA:78,4
DA:79,4
DA:83,3
DA:84,3
DA:85,3
DA:87,3
DA:88,4
DA:89,12
DA:90,12
DA:91,12
DA:92,12
DA:93,12
DA:98,12
DA:99,12
DA:105,3
DA:107,3
DA:111,19
DA:112,19
DA:114,19
DA:115,19
DA:117,19
DA:118,14
DA:120,5
DA:122,19
DA:124,19
DA:125,19
DA:130,19
DA:132,19
DA:133,1
DA:134,1
DA:135,1
DA:138,18
DA:143,4
DA:145,3
DA:151,3
DA:152,3
DA:154,3
DA:155,3
DA:157,3
DA:158,3
DA:160,3
DA:161,0
DA:162,0
DA:164,0
DA:165,0
DA:166,0
DA:167,0
DA:168,0
DA:169,0
DA:171,0
DA:176,0
DA:178,0
DA:179,0
DA:180,0
DA:183,0
DA:189,0
DA:191,3
DA:196,3
DA:199,2
DA:200,2
DA:203,2
DA:206,2
DA:208,0
DA:209,0
DA:211,0
DA:212,0
DA:214,0
DA:215,0
DA:216,0
DA:217,0
DA:221,2
DA:225,2
DA:227,2
DA:228,39
DA:229,39
DA:230,2
DA:231,2
DA:232,2
DA:233,2
DA:234,2
DA:236,2
DA:237,2
DA:238,0
DA:239,0
DA:242,2
DA:253,66
DA:254,0
DA:255,0
DA:258,66
DA:259,66
DA:262,66
DA:264,100
DA:266,248
DA:267,248
DA:268,248
DA:275,248
DA:281,6
DA:286,60
DA:291,3
DA:292,3
DA:294,3
DA:296,70
DA:297,1
DA:299,1
DA:301,1
DA:302,1
DA:303,1
DA:307,3
DA:308,1
DA:309,1
DA:310,1
DA:313,3
DA:318,3
DA:324,3
DA:325,3
DA:330,5
DA:331,5
DA:332,5
DA:333,5
DA:334,5
DA:339,10
DA:354,2
LF:162
LH:133
BRDA:65,0,0,4
BRDA:65,0,1,0
BRDA:68,1,0,0
BRDA:68,1,1,4
BRDA:89,2,0,12
BRDA:89,2,1,0
BRDA:92,3,0,12
BRDA:92,3,1,0
BRDA:117,4,0,14
BRDA:117,4,1,5
BRDA:132,5,0,1
BRDA:132,5,1,18
BRDA:143,6,0,1
BRDA:143,6,1,3
BRDA:143,7,0,4
BRDA:143,7,1,3
BRDA:143,7,2,3
BRDA:152,8,0,0
BRDA:152,8,1,3
BRDA:160,9,0,0
BRDA:160,9,1,3
BRDA:164,10,0,0
BRDA:164,10,1,0
BRDA:178,11,0,0
BRDA:178,11,1,0
BRDA:196,12,0,1
BRDA:196,12,1,2
BRDA:196,13,0,3
BRDA:196,13,1,2
BRDA:196,13,2,2
BRDA:206,14,0,0
BRDA:206,14,1,2
BRDA:209,15,0,0
BRDA:209,15,1,0
BRDA:212,16,0,0
BRDA:212,16,1,0
BRDA:225,17,0,0
BRDA:225,17,1,2
BRDA:225,18,0,2
BRDA:225,18,1,2
BRDA:225,18,2,2
BRDA:229,19,0,2
BRDA:229,19,1,37
BRDA:237,20,0,0
BRDA:237,20,1,2
BRDA:253,21,0,0
BRDA:253,21,1,66
BRDA:253,22,0,66
BRDA:253,22,1,66
BRDA:258,23,0,66
BRDA:258,23,1,0
BRDA:266,24,0,248
BRDA:266,24,1,0
BRDA:275,25,0,6
BRDA:275,25,1,242
BRDA:276,26,0,248
BRDA:276,26,1,247
BRDA:276,26,2,246
BRDA:276,26,3,243
BRDA:276,26,4,243
BRDA:296,27,0,1
BRDA:296,27,1,60
BRDA:307,28,0,1
BRDA:307,28,1,2
BRDA:324,29,0,3
BRDA:324,29,1,0
BRF:66
BRH:45
end_of_record
TN:
SF:src/classes/Piece.js
FN:7,(anonymous_0)
FN:25,(anonymous_1)
FN:31,(anonymous_2)
FN:48,(anonymous_3)
FN:57,(anonymous_4)
FN:73,(anonymous_5)
FN:78,(anonymous_6)
FNF:7
FNH:7
FNDA:90,(anonymous_0)
FNDA:7,(anonymous_1)
FNDA:19,(anonymous_2)
FNDA:1,(anonymous_3)
FNDA:1,(anonymous_4)
FNDA:4,(anonymous_5)
FNDA:3,(anonymous_6)
DA:1,3
DA:5,3
DA:8,90
DA:9,1
DA:12,89
DA:18,89
DA:20,89
DA:21,89
DA:27,7
DA:28,7
DA:31,19
DA:33,7
DA:34,15
DA:37,38
DA:41,7
DA:42,7
DA:43,7
DA:49,1
DA:50,1
DA:51,1
DA:52,1
DA:53,1
DA:58,1
DA:59,1
DA:60,2
DA:61,6
DA:62,4
DA:69,1
DA:74,4
DA:79,3
DA:83,3
LF:31
LH:31
BRDA:8,0,0,1
BRDA:8,0,1,89
BRDA:61,1,0,4
BRDA:61,1,1,2
BRF:4
BRH:4
end_of_record
TN:
SF:src/classes/Player.js
FN:3,(anonymous_0)
FN:17,(anonymous_1)
FN:23,(anonymous_2)
FN:29,(anonymous_3)
FN:35,(anonymous_4)
FN:42,(anonymous_5)
FN:47,(anonymous_6)
FNF:7
FNH:7
FNDA:13,(anonymous_0)
FNDA:5,(anonymous_1)
FNDA:7,(anonymous_2)
FNDA:8,(anonymous_3)
FNDA:3,(anonymous_4)
FNDA:1,(anonymous_5)
FNDA:7,(anonymous_6)
DA:5,13
DA:6,13
DA:9,13
DA:10,13
DA:11,13
DA:12,13
DA:13,13
DA:18,5
DA:19,5
DA:24,7
DA:25,7
DA:30,8
DA:31,8
DA:36,3
DA:37,3
DA:43,1
DA:48,7
DA:59,4
LF:18
LH:18
BRF:0
BRH:0
end_of_record
TN:
SF:src/config/constants.js
FNF:0
FNH:0
DA:2,5
LF:1
LH:1
BRF:0
BRH:0
end_of_record
TN:
SF:src/services/gameLogicService.js
FN:6,(anonymous_0)
FN:12,(anonymous_1)
FN:26,(anonymous_2)
FN:42,(anonymous_3)
FN:62,(anonymous_4)
FN:108,(anonymous_5)
FN:131,(anonymous_6)
FN:188,(anonymous_7)
FN:192,(anonymous_8)
FNF:9
FNH:7
FNDA:6,(anonymous_0)
FNDA:6,(anonymous_1)
FNDA:0,(anonymous_2)
FNDA:120,(anonymous_3)
FNDA:1,(anonymous_4)
FNDA:1,(anonymous_5)
FNDA:1,(anonymous_6)
FNDA:0,(anonymous_7)
FNDA:4,(anonymous_8)
DA:1,1
DA:2,1
DA:3,1
DA:7,6
DA:8,6
DA:9,6
DA:13,6
DA:16,6
DA:17,6
DA:18,6
DA:19,6
DA:22,6
DA:23,6
DA:26,6
DA:27,6
DA:28,0
DA:32,6
DA:33,6
DA:37,6
DA:40,6
DA:42,120
DA:43,6
DA:44,6
DA:45,6
DA:46,6
DA:47,6
DA:48,6
DA:49,6
DA:50,6
DA:51,6
DA:53,6
DA:55,6
DA:63,1
DA:64,1
DA:65,1
DA:66,1
DA:67,0
DA:68,0
DA:71,1
DA:72,1
DA:73,0
DA:74,0
DA:77,1
DA:78,1
DA:79,1
DA:80,1
DA:83,1
DA:96,1
DA:98,1
DA:103,0
DA:104,0
DA:109,1
DA:110,1
DA:111,1
DA:113,1
DA:114,1
DA:116,1
DA:118,1
DA:119,1
DA:121,1
DA:126,0
DA:127,0
DA:132,1
DA:133,1
DA:134,1
DA:136,1
DA:137,1
DA:139,1
DA:140,1
DA:141,1
DA:151,1
DA:153,1
DA:159,0
DA:160,0
DA:189,0
DA:193,4
DA:194,4
DA:195,0
DA:198,4
DA:199,4
DA:200,4
DA:202,4
DA:203,4
DA:204,0
DA:205,0
DA:206,0
DA:214,4
DA:223,1
LF:88
LH:72
BRDA:18,0,0,6
BRDA:18,0,1,0
BRDA:19,1,0,6
BRDA:19,1,1,0
BRDA:27,2,0,0
BRDA:27,2,1,6
BRDA:28,3,0,0
BRDA:28,3,1,0
BRDA:32,4,0,6
BRDA:32,4,1,0
BRDA:66,5,0,0
BRDA:66,5,1,1
BRDA:72,6,0,0
BRDA:72,6,1,1
BRDA:88,7,0,0
BRDA:88,7,1,1
BRDA:88,8,0,1
BRDA:88,8,1,1
BRDA:111,9,0,0
BRDA:111,9,1,1
BRDA:114,10,0,0
BRDA:114,10,1,1
BRDA:134,11,0,0
BRDA:134,11,1,1
BRDA:137,12,0,0
BRDA:137,12,1,1
BRDA:140,13,0,1
BRDA:140,13,1,0
BRDA:143,14,0,0
BRDA:143,14,1,1
BRDA:194,15,0,0
BRDA:194,15,1,4
BRDA:200,16,0,4
BRDA:200,16,1,0
BRDA:205,17,0,0
BRDA:205,17,1,0
BRF:36
BRH:17
end_of_record
TN:
SF:src/services/lobbyService.js
FN:6,(anonymous_0)
FN:11,(anonymous_1)
FN:29,(anonymous_2)
FN:39,(anonymous_3)
FN:58,(anonymous_4)
FN:78,(anonymous_5)
FN:84,(anonymous_6)
FN:90,(anonymous_7)
FN:98,(anonymous_8)
FN:111,(anonymous_9)
FN:126,(anonymous_10)
FN:133,(anonymous_11)
FN:137,(anonymous_12)
FNF:13
FNH:13
FNDA:8,(anonymous_0)
FNDA:2,(anonymous_1)
FNDA:40,(anonymous_2)
FNDA:2,(anonymous_3)
FNDA:1,(anonymous_4)
FNDA:2,(anonymous_5)
FNDA:1,(anonymous_6)
FNDA:2,(anonymous_7)
FNDA:1,(anonymous_8)
FNDA:1,(anonymous_9)
FNDA:1,(anonymous_10)
FNDA:2,(anonymous_11)
FNDA:3,(anonymous_12)
DA:2,1
DA:3,1
DA:7,8
DA:12,2
DA:15,2
DA:16,2
DA:17,2
DA:19,2
DA:21,2
DA:23,2
DA:29,40
DA:36,2
DA:40,2
DA:41,2
DA:43,2
DA:44,0
DA:47,2
DA:48,2
DA:50,2
DA:51,0
DA:54,2
DA:55,1
DA:58,1
DA:59,0
DA:63,1
DA:64,1
DA:65,1
DA:66,1
DA:68,1
DA:71,1
DA:76,1
DA:78,2
DA:85,1
DA:86,1
DA:88,1
DA:90,2
DA:92,1
DA:93,0
DA:94,0
DA:98,1
DA:99,0
DA:102,1
DA:103,1
DA:112,1
DA:113,1
DA:115,1
DA:117,1
DA:127,1
DA:128,1
DA:129,1
DA:134,2
DA:135,2
DA:137,3
DA:138,2
DA:142,1
LF:55
LH:49
BRDA:43,0,0,0
BRDA:43,0,1,2
BRDA:48,1,0,2
BRDA:48,1,1,0
BRDA:50,2,0,0
BRDA:50,2,1,2
BRDA:54,3,0,1
BRDA:54,3,1,1
BRDA:58,4,0,0
BRDA:58,4,1,1
BRDA:92,5,0,0
BRDA:92,5,1,1
BRDA:98,6,0,0
BRDA:98,6,1,1
BRDA:98,7,0,1
BRDA:98,7,1,0
BRDA:115,8,0,0
BRDA:115,8,1,1
BRDA:121,9,0,1
BRDA:121,9,1,0
BRDA:122,10,0,1
BRDA:122,10,1,0
BRDA:135,11,0,0
BRDA:135,11,1,2
BRDA:138,12,0,2
BRDA:138,12,1,1
BRF:26
BRH:15
end_of_record
TN:
SF:src/utils/helpers.js
FN:8,setupMiddlewares
FN:18,(anonymous_1)
FN:28,setupDebugRoute
FN:29,(anonymous_3)
FN:56,setupMainRoutes
FN:60,(anonymous_5)
FN:70,(anonymous_6)
FN:79,(anonymous_7)
FN:91,(anonymous_8)
FN:96,(anonymous_9)
FN:115,(anonymous_10)
FN:134,setupSocketHandlers
FN:135,(anonymous_12)
FN:154,(anonymous_13)
FN:156,(anonymous_14)
FN:230,(anonymous_15)
FN:237,(anonymous_16)
FN:266,(anonymous_17)
FN:322,(anonymous_18)
FN:339,(anonymous_19)
FN:355,(anonymous_20)
FN:371,(anonymous_21)
FN:382,(anonymous_22)
FN:394,startPlayerGameLoop
FN:396,(anonymous_24)
FN:436,handleGameOver
FN:451,(anonymous_26)
FN:452,(anonymous_27)
FN:480,stopGameLoop
FN:496,cleanupRoom
FN:504,(anonymous_30)
FN:505,(anonymous_31)
FN:558,(anonymous_32)
FN:583,cleanupAllRooms
FN:595,resetRoom
FN:601,(anonymous_35)
FNF:36
FNH:24
FNDA:1,setupMiddlewares
FNDA:0,(anonymous_1)
FNDA:1,setupDebugRoute
FNDA:0,(anonymous_3)
FNDA:1,setupMainRoutes
FNDA:0,(anonymous_5)
FNDA:0,(anonymous_6)
FNDA:0,(anonymous_7)
FNDA:0,(anonymous_8)
FNDA:0,(anonymous_9)
FNDA:0,(anonymous_10)
FNDA:9,setupSocketHandlers
FNDA:2,(anonymous_12)
FNDA:1,(anonymous_13)
FNDA:1,(anonymous_14)
FNDA:3,(anonymous_15)
FNDA:1,(anonymous_16)
FNDA:1,(anonymous_17)
FNDA:1,(anonymous_18)
FNDA:1,(anonymous_19)
FNDA:1,(anonymous_20)
FNDA:1,(anonymous_21)
FNDA:1,(anonymous_22)
FNDA:3,startPlayerGameLoop
FNDA:3,(anonymous_24)
FNDA:0,handleGameOver
FNDA:0,(anonymous_26)
FNDA:0,(anonymous_27)
FNDA:10,stopGameLoop
FNDA:5,cleanupRoom
FNDA:6,(anonymous_30)
FNDA:9,(anonymous_31)
FNDA:0,(anonymous_32)
FNDA:1,cleanupAllRooms
FNDA:1,resetRoom
FNDA:1,(anonymous_35)
DA:1,2
DA:2,2
DA:3,2
DA:4,2
DA:5,2
DA:9,1
DA:10,1
DA:11,1
DA:18,1
DA:19,0
DA:23,0
DA:29,1
DA:30,0
DA:31,0
DA:32,0
DA:34,0
DA:35,0
DA:36,0
DA:43,0
DA:49,0
DA:50,0
DA:57,1
DA:60,1
DA:61,0
DA:62,0
DA:63,0
DA:65,0
DA:66,0
DA:67,0
DA:70,0
DA:72,0
DA:73,0
DA:74,0
DA:79,0
DA:84,0
DA:86,0
DA:87,0
DA:91,1
DA:92,0
DA:93,0
DA:96,1
DA:97,0
DA:98,0
DA:100,0
DA:101,0
DA:102,0
DA:104,0
DA:105,0
DA:106,0
DA:109,0
DA:110,0
DA:115,0
DA:116,0
DA:121,0
DA:124,0
DA:127,0
DA:128,0
DA:135,9
DA:136,2
DA:137,2
DA:138,2
DA:139,2
DA:140,2
DA:142,2
DA:143,2
DA:144,1
DA:145,1
DA:151,2
DA:152,2
DA:154,2
DA:155,2
DA:156,2
DA:158,2
DA:159,0
DA:160,0
DA:163,0
DA:166,0
DA:167,0
DA:171,0
DA:172,0
DA:176,0
DA:177,0
DA:178,0
DA:179,0
DA:180,0
DA:181,0
DA:184,2
DA:185,0
DA:186,0
DA:190,2
DA:191,2
DA:192,2
DA:193,2
DA:194,2
DA:197,2
DA:203,2
DA:204,2
DA:207,2
DA:209,2
DA:216,2
DA:223,2
DA:229,2
DA:230,3
DA:232,0
DA:233,0
DA:237,9
DA:238,1
DA:240,1
DA:241,1
DA:242,0
DA:244,1
DA:247,1
DA:248,1
DA:249,1
DA:250,0
DA:254,1
DA:255,1
DA:256,0
DA:260,1
DA:261,1
DA:262,0
DA:266,1
DA:267,1
DA:268,0
DA:272,1
DA:273,0
DA:277,1
DA:278,0
DA:282,1
DA:283,1
DA:284,2
DA:285,2
DA:290,2
DA:291,2
DA:295,1
DA:301,1
DA:308,1
DA:309,2
DA:313,1
DA:317,0
DA:318,0
DA:322,9
DA:323,1
DA:324,1
DA:329,1
DA:331,1
DA:334,1
DA:339,9
DA:340,1
DA:341,1
DA:345,1
DA:347,1
DA:350,1
DA:355,9
DA:356,1
DA:357,1
DA:361,1
DA:363,1
DA:366,1
DA:371,9
DA:372,1
DA:374,1
DA:375,1
DA:376,1
DA:377,1
DA:378,1
DA:382,9
DA:383,1
DA:384,1
DA:386,1
DA:387,1
DA:388,1
DA:395,3
DA:396,3
DA:397,3
DA:400,3
DA:401,2
DA:402,2
DA:405,1
DA:406,1
DA:412,1
DA:413,1
DA:414,1
DA:416,1
DA:417,0
DA:418,0
DA:419,0
DA:422,0
DA:423,0
DA:424,0
DA:425,0
DA:429,1
DA:430,1
DA:433,3
DA:437,0
DA:438,0
DA:441,0
DA:442,0
DA:443,0
DA:446,0
DA:447,0
DA:451,0
DA:452,0
DA:454,0
DA:456,0
DA:463,0
DA:469,0
DA:473,0
DA:476,0
DA:481,10
DA:482,10
DA:483,2
DA:484,2
DA:487,8
DA:488,8
DA:489,1
DA:490,1
DA:491,1
DA:497,5
DA:498,5
DA:499,5
DA:501,5
DA:502,5
DA:503,5
DA:504,6
DA:505,9
DA:507,5
DA:509,1
DA:510,1
DA:511,4
DA:513,1
DA:515,1
DA:518,1
DA:519,2
DA:523,1
DA:531,1
DA:532,1
DA:533,1
DA:537,1
DA:543,1
DA:552,3
DA:555,3
DA:556,3
DA:557,3
DA:558,0
DA:560,0
DA:563,3
DA:569,3
DA:575,3
DA:579,0
DA:584,1
DA:585,1
DA:586,1
DA:587,2
DA:589,1
DA:591,0
DA:596,1
DA:597,1
DA:598,1
DA:600,1
DA:601,1
DA:602,1
DA:604,1
DA:607,1
DA:608,1
DA:609,1
DA:612,1
DA:614,0
DA:618,2
LF:269
LH:173
BRDA:37,0,0,0
BRDA:37,0,1,0
BRDA:67,1,0,0
BRDA:67,1,1,0
BRDA:70,2,0,0
BRDA:70,2,1,0
BRDA:72,3,0,0
BRDA:72,3,1,0
BRDA:104,4,0,0
BRDA:104,4,1,0
BRDA:106,5,0,0
BRDA:106,5,1,0
BRDA:109,6,0,0
BRDA:109,6,1,0
BRDA:115,7,0,0
BRDA:115,7,1,0
BRDA:143,8,0,1
BRDA:143,8,1,1
BRDA:152,9,0,2
BRDA:152,9,1,0
BRDA:158,10,0,0
BRDA:158,10,1,2
BRDA:160,11,0,0
BRDA:160,11,1,0
BRDA:163,12,0,0
BRDA:163,12,1,0
BRDA:163,13,0,0
BRDA:163,13,1,0
BRDA:163,13,2,0
BRDA:171,14,0,0
BRDA:171,14,1,0
BRDA:171,15,0,0
BRDA:171,15,1,0
BRDA:180,16,0,0
BRDA:180,16,1,0
BRDA:184,17,0,0
BRDA:184,17,1,2
BRDA:240,18,0,1
BRDA:240,18,1,0
BRDA:241,19,0,0
BRDA:241,19,1,1
BRDA:249,20,0,0
BRDA:249,20,1,1
BRDA:255,21,0,0
BRDA:255,21,1,1
BRDA:255,22,0,1
BRDA:255,22,1,1
BRDA:261,23,0,0
BRDA:261,23,1,1
BRDA:267,24,0,0
BRDA:267,24,1,1
BRDA:272,25,0,0
BRDA:272,25,1,1
BRDA:277,26,0,0
BRDA:277,26,1,1
BRDA:323,27,0,1
BRDA:323,27,1,0
BRDA:329,28,0,1
BRDA:329,28,1,0
BRDA:340,29,0,1
BRDA:340,29,1,0
BRDA:345,30,0,1
BRDA:345,30,1,0
BRDA:356,31,0,1
BRDA:356,31,1,0
BRDA:361,32,0,1
BRDA:361,32,1,0
BRDA:374,33,0,1
BRDA:374,33,1,0
BRDA:386,34,0,1
BRDA:386,34,1,0
BRDA:400,35,0,2
BRDA:400,35,1,1
BRDA:412,36,0,1
BRDA:412,36,1,0
BRDA:416,37,0,0
BRDA:416,37,1,1
BRDA:429,38,0,1
BRDA:429,38,1,0
BRDA:443,39,0,0
BRDA:443,39,1,0
BRDA:454,40,0,0
BRDA:454,40,1,0
BRDA:454,41,0,0
BRDA:454,41,1,0
BRDA:482,42,0,2
BRDA:482,42,1,8
BRDA:482,43,0,10
BRDA:482,43,1,8
BRDA:488,44,0,1
BRDA:488,44,1,7
BRDA:501,45,0,5
BRDA:501,45,1,0
BRDA:507,46,0,1
BRDA:507,46,1,4
BRDA:511,47,0,1
BRDA:511,47,1,3
BRDA:511,48,0,4
BRDA:511,48,1,1
BRDA:531,49,0,1
BRDA:531,49,1,0
BRDA:555,50,0,3
BRDA:555,50,1,0
BRDA:555,51,0,3
BRDA:555,51,1,3
BRDA:558,52,0,0
BRDA:558,52,1,0
BRDA:558,53,0,0
BRDA:558,53,1,0
BRDA:600,54,0,1
BRDA:600,54,1,0
BRDA:608,55,0,1
BRDA:608,55,1,0
BRF:113
BRH:47
end_of_record
